[ 2016-12-12T02:52:53+08:00 ] 127.0.0.1 /taa/
INFO: [ app_init ] --START--
INFO: Run Behavior\BuildLiteBehavior [ RunTime:0.000011s ]
INFO: [ app_init ] --END-- [ RunTime:0.000059s ]
INFO: [ app_begin ] --START--
INFO: Run Behavior\ReadHtmlCacheBehavior [ RunTime:0.000666s ]
INFO: [ app_begin ] --END-- [ RunTime:0.000724s ]
INFO: [ view_parse ] --START--
INFO: [ template_filter ] --START--
INFO: Run Behavior\ContentReplaceBehavior [ RunTime:0.000028s ]
INFO: [ template_filter ] --END-- [ RunTime:0.000079s ]
INFO: Run Behavior\ParseTemplateBehavior [ RunTime:0.005356s ]
INFO: [ view_parse ] --END-- [ RunTime:0.005423s ]
INFO: [ view_filter ] --START--
INFO: Run Behavior\WriteHtmlCacheBehavior [ RunTime:0.000353s ]
INFO: [ view_filter ] --END-- [ RunTime:0.000404s ]
INFO: [ app_end ] --START--
INFO: Run Behavior\ShowPageTraceBehavior [ RunTime:0.000648s ]
INFO: [ app_end ] --END-- [ RunTime:0.000718s ]

[ 2016-12-12T04:27:35+08:00 ] 127.0.0.1 /taa/index.php
INFO: [ app_init ] --START--
INFO: Run Behavior\BuildLiteBehavior [ RunTime:0.000016s ]
INFO: [ app_init ] --END-- [ RunTime:0.000465s ]
INFO: [ app_begin ] --START--
INFO: Run Behavior\ReadHtmlCacheBehavior [ RunTime:0.000523s ]
INFO: [ app_begin ] --END-- [ RunTime:0.000573s ]
INFO: [ view_parse ] --START--
INFO: Run Behavior\ParseTemplateBehavior [ RunTime:0.000293s ]
INFO: [ view_parse ] --END-- [ RunTime:0.000340s ]
INFO: [ view_filter ] --START--
INFO: Run Behavior\WriteHtmlCacheBehavior [ RunTime:0.000328s ]
INFO: [ view_filter ] --END-- [ RunTime:0.000368s ]
INFO: [ app_end ] --START--
INFO: Run Behavior\ShowPageTraceBehavior [ RunTime:0.000539s ]
INFO: [ app_end ] --END-- [ RunTime:0.000581s ]

[ 2016-12-12T04:28:05+08:00 ] 127.0.0.1 /taa/index.php
INFO: [ app_init ] --START--
INFO: Run Behavior\BuildLiteBehavior [ RunTime:0.000024s ]
INFO: [ app_init ] --END-- [ RunTime:0.006739s ]
INFO: [ app_begin ] --START--
INFO: Run Behavior\ReadHtmlCacheBehavior [ RunTime:0.000991s ]
INFO: [ app_begin ] --END-- [ RunTime:0.001066s ]
INFO: [ view_parse ] --START--
INFO: [ template_filter ] --START--
INFO: Run Behavior\ContentReplaceBehavior [ RunTime:0.000256s ]
INFO: [ template_filter ] --END-- [ RunTime:0.000308s ]
INFO: Run Behavior\ParseTemplateBehavior [ RunTime:0.005854s ]
INFO: [ view_parse ] --END-- [ RunTime:0.005944s ]
INFO: [ view_filter ] --START--
INFO: Run Behavior\WriteHtmlCacheBehavior [ RunTime:0.000533s ]
INFO: [ view_filter ] --END-- [ RunTime:0.000642s ]
INFO: [ app_end ] --START--
INFO: Run Behavior\ShowPageTraceBehavior [ RunTime:0.001604s ]
INFO: [ app_end ] --END-- [ RunTime:0.001733s ]

[ 2016-12-12T04:42:14+08:00 ] 127.0.0.1 /taa/index.php/Home/index
INFO: [ app_init ] --START--
INFO: Run Behavior\BuildLiteBehavior [ RunTime:0.000016s ]
INFO: [ app_init ] --END-- [ RunTime:0.000538s ]

[ 2016-12-12T04:42:18+08:00 ] 127.0.0.1 /taa/index.php/Home/index/test
INFO: [ app_init ] --START--
INFO: Run Behavior\BuildLiteBehavior [ RunTime:0.000008s ]
INFO: [ app_init ] --END-- [ RunTime:0.000167s ]
ERR: 非法操作:test

[ 2016-12-12T04:42:43+08:00 ] 127.0.0.1 /taa/index.php/Home/index/index
INFO: [ app_init ] --START--
INFO: Run Behavior\BuildLiteBehavior [ RunTime:0.000011s ]
INFO: [ app_init ] --END-- [ RunTime:0.000417s ]

[ 2016-12-12T04:42:56+08:00 ] 127.0.0.1 /taa/index.php/Home/index/test
INFO: [ app_init ] --START--
INFO: Run Behavior\BuildLiteBehavior [ RunTime:0.000009s ]
INFO: [ app_init ] --END-- [ RunTime:0.000216s ]
ERR: 非法操作:test

[ 2016-12-12T04:44:01+08:00 ] 127.0.0.1 /taa/index.php/Home/index/test
INFO: [ app_init ] --START--
INFO: Run Behavior\BuildLiteBehavior [ RunTime:0.000011s ]
INFO: [ app_init ] --END-- [ RunTime:0.000508s ]
ERR: 非法操作:test

[ 2016-12-12T04:44:26+08:00 ] 127.0.0.1 /taa/index.php/Home/index/test
INFO: [ app_init ] --START--
INFO: Run Behavior\BuildLiteBehavior [ RunTime:0.000019s ]
INFO: [ app_init ] --END-- [ RunTime:0.000687s ]
ERR: 非法操作:test

[ 2016-12-12T04:44:38+08:00 ] 127.0.0.1 /taa/index.php/Home/index/test
INFO: [ app_init ] --START--
INFO: Run Behavior\BuildLiteBehavior [ RunTime:0.000010s ]
INFO: [ app_init ] --END-- [ RunTime:0.000394s ]
ERR: 非法操作:test

[ 2016-12-12T04:44:40+08:00 ] 127.0.0.1 /taa/index.php/Home/index/test
INFO: [ app_init ] --START--
INFO: Run Behavior\BuildLiteBehavior [ RunTime:0.000011s ]
INFO: [ app_init ] --END-- [ RunTime:0.000319s ]
ERR: 非法操作:test

[ 2016-12-12T04:45:28+08:00 ] 127.0.0.1 /taa/index.php/Home/index/test
INFO: [ app_init ] --START--
INFO: Run Behavior\BuildLiteBehavior [ RunTime:0.000034s ]
INFO: [ app_init ] --END-- [ RunTime:0.000836s ]
ERR: 非法操作:test

[ 2016-12-12T04:45:34+08:00 ] 127.0.0.1 /taa/index.php/Home/index/index
INFO: [ app_init ] --START--
INFO: Run Behavior\BuildLiteBehavior [ RunTime:0.000018s ]
INFO: [ app_init ] --END-- [ RunTime:0.000778s ]

[ 2016-12-12T04:45:40+08:00 ] 127.0.0.1 /taa/index.php/Home/index/index/123
INFO: [ app_init ] --START--
INFO: Run Behavior\BuildLiteBehavior [ RunTime:0.000019s ]
INFO: [ app_init ] --END-- [ RunTime:0.000418s ]

[ 2016-12-12T04:45:47+08:00 ] 127.0.0.1 /taa/index.php/Home/test
INFO: [ app_init ] --START--
INFO: Run Behavior\BuildLiteBehavior [ RunTime:0.000018s ]
INFO: [ app_init ] --END-- [ RunTime:0.000403s ]
ERR: 无法加载控制器:Test

[ 2016-12-12T04:45:55+08:00 ] 127.0.0.1 /taa/index.php/Home/index
INFO: [ app_init ] --START--
INFO: Run Behavior\BuildLiteBehavior [ RunTime:0.000008s ]
INFO: [ app_init ] --END-- [ RunTime:0.000182s ]

[ 2016-12-12T04:47:11+08:00 ] 127.0.0.1 /taa/index.php/Home/Index/test
INFO: [ app_init ] --START--
INFO: Run Behavior\BuildLiteBehavior [ RunTime:0.000017s ]
INFO: [ app_init ] --END-- [ RunTime:0.000408s ]
ERR: 非法操作:test

[ 2016-12-12T04:48:19+08:00 ] 127.0.0.1 /taa/index.php/Home/Index/user
INFO: [ app_init ] --START--
INFO: Run Behavior\BuildLiteBehavior [ RunTime:0.000016s ]
INFO: [ app_init ] --END-- [ RunTime:0.000392s ]
ERR: 非法操作:user

[ 2016-12-12T04:48:26+08:00 ] 127.0.0.1 /taa/index.php/Home/user
INFO: [ app_init ] --START--
INFO: Run Behavior\BuildLiteBehavior [ RunTime:0.000017s ]
INFO: [ app_init ] --END-- [ RunTime:0.000402s ]
ERR: 无法加载控制器:User

[ 2016-12-12T04:48:41+08:00 ] 127.0.0.1 /taa/index.php/Home/user
INFO: [ app_init ] --START--
INFO: Run Behavior\BuildLiteBehavior [ RunTime:0.000019s ]
INFO: [ app_init ] --END-- [ RunTime:0.000418s ]

[ 2016-12-12T04:48:46+08:00 ] 127.0.0.1 /taa/index.php/Home/user/test
INFO: [ app_init ] --START--
INFO: Run Behavior\BuildLiteBehavior [ RunTime:0.000018s ]
INFO: [ app_init ] --END-- [ RunTime:0.000408s ]
ERR: SQLSTATE[HY000] [1049] Unknown database 'publicopinion'

[ 2016-12-12T04:49:05+08:00 ] 127.0.0.1 /taa/index.php/Home/user/test
INFO: [ app_init ] --START--
INFO: Run Behavior\BuildLiteBehavior [ RunTime:0.000019s ]
INFO: [ app_init ] --END-- [ RunTime:0.000444s ]

