[ 2016-12-14T00:07:33+08:00 ] 127.0.0.1 /taa/index.php/Home/User
INFO: [ app_init ] --START--
INFO: Run Behavior\BuildLiteBehavior [ RunTime:0.000020s ]
INFO: [ app_init ] --END-- [ RunTime:0.000976s ]

[ 2016-12-14T00:07:36+08:00 ] 127.0.0.1 /taa/index.php/Home/Activity/add
INFO: [ app_init ] --START--
INFO: Run Behavior\BuildLiteBehavior [ RunTime:0.000012s ]
INFO: [ app_init ] --END-- [ RunTime:0.000285s ]

[ 2016-12-14T00:08:23+08:00 ] 127.0.0.1 /taa/index.php/Home/Activity/add
INFO: [ app_init ] --START--
INFO: Run Behavior\BuildLiteBehavior [ RunTime:0.000014s ]
INFO: [ app_init ] --END-- [ RunTime:0.000600s ]

[ 2016-12-14T00:09:26+08:00 ] 127.0.0.1 /taa/index.php/Home/Activity/add
INFO: [ app_init ] --START--
INFO: Run Behavior\BuildLiteBehavior [ RunTime:0.000011s ]
INFO: [ app_init ] --END-- [ RunTime:0.000498s ]

[ 2016-12-14T00:09:44+08:00 ] 127.0.0.1 /taa/index.php/Home/Activity/add
INFO: [ app_init ] --START--
INFO: Run Behavior\BuildLiteBehavior [ RunTime:0.000011s ]
INFO: [ app_init ] --END-- [ RunTime:0.000606s ]

[ 2016-12-14T02:09:31+08:00 ] 127.0.0.1 /taa/index.php/Home/Activity/add
INFO: [ app_init ] --START--
INFO: Run Behavior\BuildLiteBehavior [ RunTime:0.000020s ]
INFO: [ app_init ] --END-- [ RunTime:0.001228s ]

[ 2016-12-14T02:09:49+08:00 ] 127.0.0.1 /taa/index.php/Home/Activity/add
INFO: [ app_init ] --START--
INFO: Run Behavior\BuildLiteBehavior [ RunTime:0.000017s ]
INFO: [ app_init ] --END-- [ RunTime:0.000688s ]

[ 2016-12-14T02:14:17+08:00 ] 127.0.0.1 /taa/index.php/Home/Activity/add
INFO: [ app_init ] --START--
INFO: Run Behavior\BuildLiteBehavior [ RunTime:0.000013s ]
INFO: [ app_init ] --END-- [ RunTime:0.000526s ]

[ 2016-12-14T02:14:37+08:00 ] 127.0.0.1 /taa/index.php/Home/User
INFO: [ app_init ] --START--
INFO: Run Behavior\BuildLiteBehavior [ RunTime:0.000011s ]
INFO: [ app_init ] --END-- [ RunTime:0.000328s ]

[ 2016-12-14T02:14:39+08:00 ] 127.0.0.1 /taa/index.php/Home/Sign/signout
INFO: [ app_init ] --START--
INFO: Run Behavior\BuildLiteBehavior [ RunTime:0.000011s ]
INFO: [ app_init ] --END-- [ RunTime:0.000177s ]

[ 2016-12-14T02:14:40+08:00 ] 127.0.0.1 /taa/index.php/Home/Index/index
INFO: [ app_init ] --START--
INFO: Run Behavior\BuildLiteBehavior [ RunTime:0.000009s ]
INFO: [ app_init ] --END-- [ RunTime:0.000194s ]

[ 2016-12-14T02:14:54+08:00 ] 127.0.0.1 /taa/index.php/Home/Activity/add
INFO: [ app_init ] --START--
INFO: Run Behavior\BuildLiteBehavior [ RunTime:0.000012s ]
INFO: [ app_init ] --END-- [ RunTime:0.000333s ]

[ 2016-12-14T02:14:58+08:00 ] 127.0.0.1 /taa/index.php/Home/Sign/index
INFO: [ app_init ] --START--
INFO: Run Behavior\BuildLiteBehavior [ RunTime:0.000008s ]
INFO: [ app_init ] --END-- [ RunTime:0.000183s ]

[ 2016-12-14T02:19:15+08:00 ] 127.0.0.1 /taa/index.php/Home/Sign/dosignin
INFO: [ app_init ] --START--
INFO: Run Behavior\BuildLiteBehavior [ RunTime:0.000029s ]
INFO: [ app_init ] --END-- [ RunTime:0.000956s ]

[ 2016-12-14T02:19:16+08:00 ] 127.0.0.1 /taa/index.php/Home/User/index
INFO: [ app_init ] --START--
INFO: Run Behavior\BuildLiteBehavior [ RunTime:0.000025s ]
INFO: [ app_init ] --END-- [ RunTime:0.000324s ]

[ 2016-12-14T02:19:19+08:00 ] 127.0.0.1 /taa/index.php/Home/Activity/add
INFO: [ app_init ] --START--
INFO: Run Behavior\BuildLiteBehavior [ RunTime:0.000008s ]
INFO: [ app_init ] --END-- [ RunTime:0.000185s ]

[ 2016-12-14T02:19:34+08:00 ] 127.0.0.1 /taa/index.php/Home/Activity/add
INFO: [ app_init ] --START--
INFO: Run Behavior\BuildLiteBehavior [ RunTime:0.000008s ]
INFO: [ app_init ] --END-- [ RunTime:0.000174s ]

[ 2016-12-14T02:20:08+08:00 ] 127.0.0.1 /taa/index.php/Home/Activity/add
INFO: [ app_init ] --START--
INFO: Run Behavior\BuildLiteBehavior [ RunTime:0.000010s ]
INFO: [ app_init ] --END-- [ RunTime:0.000185s ]

[ 2016-12-14T02:20:36+08:00 ] 127.0.0.1 /taa/index.php/Home/Activity/add
INFO: [ app_init ] --START--
INFO: Run Behavior\BuildLiteBehavior [ RunTime:0.000011s ]
INFO: [ app_init ] --END-- [ RunTime:0.000208s ]

[ 2016-12-14T02:21:15+08:00 ] 127.0.0.1 /taa/index.php/Home/Activity/add
INFO: [ app_init ] --START--
INFO: Run Behavior\BuildLiteBehavior [ RunTime:0.000009s ]
INFO: [ app_init ] --END-- [ RunTime:0.000232s ]

[ 2016-12-14T02:21:22+08:00 ] 127.0.0.1 /taa/index.php/Home/Activity/doAdd
INFO: [ app_init ] --START--
INFO: Run Behavior\BuildLiteBehavior [ RunTime:0.000008s ]
INFO: [ app_init ] --END-- [ RunTime:0.000175s ]
ERR: 非法操作:doAdd

[ 2016-12-14T02:21:41+08:00 ] 127.0.0.1 /taa/index.php/Home/Activity/add
INFO: [ app_init ] --START--
INFO: Run Behavior\BuildLiteBehavior [ RunTime:0.000008s ]
INFO: [ app_init ] --END-- [ RunTime:0.000221s ]

[ 2016-12-14T02:22:53+08:00 ] 127.0.0.1 /taa/index.php/Home/Activity/add
INFO: [ app_init ] --START--
INFO: Run Behavior\BuildLiteBehavior [ RunTime:0.000019s ]
INFO: [ app_init ] --END-- [ RunTime:0.000557s ]

[ 2016-12-14T02:23:50+08:00 ] 127.0.0.1 /taa/index.php/Home/Activity/add
INFO: [ app_init ] --START--
INFO: Run Behavior\BuildLiteBehavior [ RunTime:0.000012s ]
INFO: [ app_init ] --END-- [ RunTime:0.000385s ]

[ 2016-12-14T02:23:59+08:00 ] 127.0.0.1 /taa/index.php/Home/Activity/add
INFO: [ app_init ] --START--
INFO: Run Behavior\BuildLiteBehavior [ RunTime:0.000007s ]
INFO: [ app_init ] --END-- [ RunTime:0.000203s ]

[ 2016-12-14T02:26:13+08:00 ] 127.0.0.1 /taa/index.php/Home/Activity/add
INFO: [ app_init ] --START--
INFO: Run Behavior\BuildLiteBehavior [ RunTime:0.000013s ]
INFO: [ app_init ] --END-- [ RunTime:0.000564s ]

[ 2016-12-14T02:28:06+08:00 ] 127.0.0.1 /taa/index.php/Home/Activity/doAdd
INFO: [ app_init ] --START--
INFO: Run Behavior\BuildLiteBehavior [ RunTime:0.000009s ]
INFO: [ app_init ] --END-- [ RunTime:0.000200s ]

[ 2016-12-14T02:28:50+08:00 ] 127.0.0.1 /taa/index.php/Home/Activity/doAdd
INFO: [ app_init ] --START--
INFO: Run Behavior\BuildLiteBehavior [ RunTime:0.000009s ]
INFO: [ app_init ] --END-- [ RunTime:0.000192s ]

[ 2016-12-14T02:29:29+08:00 ] 127.0.0.1 /taa/index.php/Home/Activity/add
INFO: [ app_init ] --START--
INFO: Run Behavior\BuildLiteBehavior [ RunTime:0.000008s ]
INFO: [ app_init ] --END-- [ RunTime:0.000173s ]

[ 2016-12-14T02:30:27+08:00 ] 127.0.0.1 /taa/index.php/Home/Activity/add
INFO: [ app_init ] --START--
INFO: Run Behavior\BuildLiteBehavior [ RunTime:0.000010s ]
INFO: [ app_init ] --END-- [ RunTime:0.000409s ]

[ 2016-12-14T02:31:35+08:00 ] 127.0.0.1 /taa/index.php/Home/Activity/doAdd
INFO: [ app_init ] --START--
INFO: Run Behavior\BuildLiteBehavior [ RunTime:0.000012s ]
INFO: [ app_init ] --END-- [ RunTime:0.000363s ]

[ 2016-12-14T02:31:42+08:00 ] 127.0.0.1 /taa/index.php/Home/Activity/doAdd
INFO: [ app_init ] --START--
INFO: Run Behavior\BuildLiteBehavior [ RunTime:0.000009s ]
INFO: [ app_init ] --END-- [ RunTime:0.000184s ]

[ 2016-12-14T02:31:46+08:00 ] 127.0.0.1 /taa/index.php/Home/Activity/doAdd
INFO: [ app_init ] --START--
INFO: Run Behavior\BuildLiteBehavior [ RunTime:0.000012s ]
INFO: [ app_init ] --END-- [ RunTime:0.000211s ]

[ 2016-12-14T02:31:55+08:00 ] 127.0.0.1 /taa/index.php/Home/Activity/doAdd
INFO: [ app_init ] --START--
INFO: Run Behavior\BuildLiteBehavior [ RunTime:0.000014s ]
INFO: [ app_init ] --END-- [ RunTime:0.000302s ]

[ 2016-12-14T02:33:44+08:00 ] 127.0.0.1 /taa/index.php/Home/Sign/signup
INFO: [ app_init ] --START--
INFO: Run Behavior\BuildLiteBehavior [ RunTime:0.000013s ]
INFO: [ app_init ] --END-- [ RunTime:0.000428s ]

[ 2016-12-14T02:46:29+08:00 ] 127.0.0.1 /taa/index.php/Home/Sign/signup
INFO: [ app_init ] --START--
INFO: Run Behavior\BuildLiteBehavior [ RunTime:0.000010s ]
INFO: [ app_init ] --END-- [ RunTime:0.000444s ]

[ 2016-12-14T02:46:31+08:00 ] 127.0.0.1 /taa/index.php/Home/User
INFO: [ app_init ] --START--
INFO: Run Behavior\BuildLiteBehavior [ RunTime:0.000008s ]
INFO: [ app_init ] --END-- [ RunTime:0.000172s ]

[ 2016-12-14T02:48:02+08:00 ] 127.0.0.1 /taa/index.php/Home/Activity/add
INFO: [ app_init ] --START--
INFO: Run Behavior\BuildLiteBehavior [ RunTime:0.000011s ]
INFO: [ app_init ] --END-- [ RunTime:0.000210s ]

[ 2016-12-14T02:48:46+08:00 ] 127.0.0.1 /taa/index.php/Home/Activity/add
INFO: [ app_init ] --START--
INFO: Run Behavior\BuildLiteBehavior [ RunTime:0.000010s ]
INFO: [ app_init ] --END-- [ RunTime:0.000226s ]

[ 2016-12-14T02:50:09+08:00 ] 127.0.0.1 /taa/index.php/Home/Activity/add
INFO: [ app_init ] --START--
INFO: Run Behavior\BuildLiteBehavior [ RunTime:0.000010s ]
INFO: [ app_init ] --END-- [ RunTime:0.000387s ]

[ 2016-12-14T02:50:26+08:00 ] 127.0.0.1 /taa/index.php/Home/Activity/doAdd
INFO: [ app_init ] --START--
INFO: Run Behavior\BuildLiteBehavior [ RunTime:0.000010s ]
INFO: [ app_init ] --END-- [ RunTime:0.000200s ]

[ 2016-12-14T02:53:33+08:00 ] 127.0.0.1 /taa/index.php/Home/Activity/doAdd
INFO: [ app_init ] --START--
INFO: Run Behavior\BuildLiteBehavior [ RunTime:0.000010s ]
INFO: [ app_init ] --END-- [ RunTime:0.000403s ]

[ 2016-12-14T02:53:52+08:00 ] 127.0.0.1 /taa/index.php/Home/Activity/doAdd
INFO: [ app_init ] --START--
INFO: Run Behavior\BuildLiteBehavior [ RunTime:0.000013s ]
INFO: [ app_init ] --END-- [ RunTime:0.000315s ]

[ 2016-12-14T02:56:14+08:00 ] 127.0.0.1 /taa/index.php/Home/Activity/doAdd
INFO: [ app_init ] --START--
INFO: Run Behavior\BuildLiteBehavior [ RunTime:0.000028s ]
INFO: [ app_init ] --END-- [ RunTime:0.001274s ]

[ 2016-12-14T02:56:25+08:00 ] 127.0.0.1 /taa/index.php/Home/Activity/doAdd
INFO: [ app_init ] --START--
INFO: Run Behavior\BuildLiteBehavior [ RunTime:0.000010s ]
INFO: [ app_init ] --END-- [ RunTime:0.000188s ]

[ 2016-12-14T02:56:35+08:00 ] 127.0.0.1 /taa/index.php/Home/Activity/doAdd
INFO: [ app_init ] --START--
INFO: Run Behavior\BuildLiteBehavior [ RunTime:0.000007s ]
INFO: [ app_init ] --END-- [ RunTime:0.000172s ]

[ 2016-12-14T02:56:36+08:00 ] 127.0.0.1 /taa/index.php/Home/User/index
INFO: [ app_init ] --START--
INFO: Run Behavior\BuildLiteBehavior [ RunTime:0.000009s ]
INFO: [ app_init ] --END-- [ RunTime:0.000187s ]

[ 2016-12-14T02:56:52+08:00 ] 127.0.0.1 /taa/index.php/Home/Activity/detail/act_id/8
INFO: [ app_init ] --START--
INFO: Run Behavior\BuildLiteBehavior [ RunTime:0.000014s ]
INFO: [ app_init ] --END-- [ RunTime:0.000372s ]

[ 2016-12-14T02:56:54+08:00 ] 127.0.0.1 /taa/index.php/Home/Activity/edit/act_id=8
INFO: [ app_init ] --START--
INFO: Run Behavior\BuildLiteBehavior [ RunTime:0.000016s ]
INFO: [ app_init ] --END-- [ RunTime:0.000317s ]
ERR: 非法操作:edit

[ 2016-12-14T03:12:43+08:00 ] 127.0.0.1 /taa/index.php/Home/Activity/edit/act_id=8
INFO: [ app_init ] --START--
INFO: Run Behavior\BuildLiteBehavior [ RunTime:0.000010s ]
INFO: [ app_init ] --END-- [ RunTime:0.000227s ]

[ 2016-12-14T03:12:55+08:00 ] 127.0.0.1 /taa/index.php/Home/Activity/edit/act_id=8
INFO: [ app_init ] --START--
INFO: Run Behavior\BuildLiteBehavior [ RunTime:0.000019s ]
INFO: [ app_init ] --END-- [ RunTime:0.000333s ]

[ 2016-12-14T03:27:15+08:00 ] 127.0.0.1 /taa/index.php/Home/Activity/edit/act_id=8
INFO: [ app_init ] --START--
INFO: Run Behavior\BuildLiteBehavior [ RunTime:0.000010s ]
INFO: [ app_init ] --END-- [ RunTime:0.000383s ]

[ 2016-12-14T03:33:12+08:00 ] 127.0.0.1 /taa/index.php/Home/Activity/edit/act_id=8
INFO: [ app_init ] --START--
INFO: Run Behavior\BuildLiteBehavior [ RunTime:0.000007s ]
INFO: [ app_init ] --END-- [ RunTime:0.000171s ]

[ 2016-12-14T03:33:55+08:00 ] 127.0.0.1 /taa/index.php/Home/User
INFO: [ app_init ] --START--
INFO: Run Behavior\BuildLiteBehavior [ RunTime:0.000010s ]
INFO: [ app_init ] --END-- [ RunTime:0.000195s ]

[ 2016-12-14T03:34:16+08:00 ] 127.0.0.1 /taa/index.php/Home/User
INFO: [ app_init ] --START--
INFO: Run Behavior\BuildLiteBehavior [ RunTime:0.000008s ]
INFO: [ app_init ] --END-- [ RunTime:0.000195s ]

[ 2016-12-14T03:34:18+08:00 ] 127.0.0.1 /taa/index.php/Home/Activity/detail/act_id/2
INFO: [ app_init ] --START--
INFO: Run Behavior\BuildLiteBehavior [ RunTime:0.000008s ]
INFO: [ app_init ] --END-- [ RunTime:0.000168s ]

[ 2016-12-14T03:34:19+08:00 ] 127.0.0.1 /taa/index.php/Home/Activity/edit/act_id/2
INFO: [ app_init ] --START--
INFO: Run Behavior\BuildLiteBehavior [ RunTime:0.000009s ]
INFO: [ app_init ] --END-- [ RunTime:0.000173s ]

[ 2016-12-14T03:34:34+08:00 ] 127.0.0.1 /taa/index.php/Home/Activity/edit/act_id/2
INFO: [ app_init ] --START--
INFO: Run Behavior\BuildLiteBehavior [ RunTime:0.000008s ]
INFO: [ app_init ] --END-- [ RunTime:0.000177s ]

[ 2016-12-14T03:39:08+08:00 ] 127.0.0.1 /taa/index.php/Home/Activity/edit/act_id/2
INFO: [ app_init ] --START--
INFO: Run Behavior\BuildLiteBehavior [ RunTime:0.000007s ]
INFO: [ app_init ] --END-- [ RunTime:0.000172s ]

[ 2016-12-14T03:40:39+08:00 ] 127.0.0.1 /taa/index.php/Home/Activity/edit/act_id/2
INFO: [ app_init ] --START--
INFO: Run Behavior\BuildLiteBehavior [ RunTime:0.000011s ]
INFO: [ app_init ] --END-- [ RunTime:0.000433s ]

[ 2016-12-14T03:41:50+08:00 ] 127.0.0.1 /taa/index.php/Home/Activity/edit/act_id/2
INFO: [ app_init ] --START--
INFO: Run Behavior\BuildLiteBehavior [ RunTime:0.000009s ]
INFO: [ app_init ] --END-- [ RunTime:0.000216s ]

[ 2016-12-14T03:42:08+08:00 ] 127.0.0.1 /taa/index.php/Home/Activity/edit/act_id/2
INFO: [ app_init ] --START--
INFO: Run Behavior\BuildLiteBehavior [ RunTime:0.000008s ]
INFO: [ app_init ] --END-- [ RunTime:0.000180s ]

[ 2016-12-14T03:42:15+08:00 ] 127.0.0.1 /taa/index.php/Home/Activity/edit/act_id/doEdit
INFO: [ app_init ] --START--
INFO: Run Behavior\BuildLiteBehavior [ RunTime:0.000008s ]
INFO: [ app_init ] --END-- [ RunTime:0.000176s ]

[ 2016-12-14T03:43:52+08:00 ] 127.0.0.1 /taa/index.php/Home/Activity/edit/act_id/doEdit
INFO: [ app_init ] --START--
INFO: Run Behavior\BuildLiteBehavior [ RunTime:0.000008s ]
INFO: [ app_init ] --END-- [ RunTime:0.000172s ]

[ 2016-12-14T03:45:17+08:00 ] 127.0.0.1 /taa/index.php/Home/Activity/edit/act_id/2
INFO: [ app_init ] --START--
INFO: Run Behavior\BuildLiteBehavior [ RunTime:0.000008s ]
INFO: [ app_init ] --END-- [ RunTime:0.000203s ]

[ 2016-12-14T03:45:19+08:00 ] 127.0.0.1 /taa/index.php/Home/Activity/edit/act_id/2
INFO: [ app_init ] --START--
INFO: Run Behavior\BuildLiteBehavior [ RunTime:0.000007s ]
INFO: [ app_init ] --END-- [ RunTime:0.000170s ]

[ 2016-12-14T03:45:24+08:00 ] 127.0.0.1 /taa/index.php/Home/Activity/doEdit
INFO: [ app_init ] --START--
INFO: Run Behavior\BuildLiteBehavior [ RunTime:0.000008s ]
INFO: [ app_init ] --END-- [ RunTime:0.000180s ]

[ 2016-12-14T03:45:36+08:00 ] 127.0.0.1 /taa/index.php/Home/Activity/doEdit
INFO: [ app_init ] --START--
INFO: Run Behavior\BuildLiteBehavior [ RunTime:0.000013s ]
INFO: [ app_init ] --END-- [ RunTime:0.000243s ]

[ 2016-12-14T03:45:37+08:00 ] 127.0.0.1 /taa/index.php/Home/Activity/detail/act_id/2
INFO: [ app_init ] --START--
INFO: Run Behavior\BuildLiteBehavior [ RunTime:0.000008s ]
INFO: [ app_init ] --END-- [ RunTime:0.000170s ]

[ 2016-12-14T03:48:11+08:00 ] 127.0.0.1 /taa/index.php/Home/Activity/edit/act_id/2
INFO: [ app_init ] --START--
INFO: Run Behavior\BuildLiteBehavior [ RunTime:0.000009s ]
INFO: [ app_init ] --END-- [ RunTime:0.000409s ]

[ 2016-12-14T03:48:13+08:00 ] 127.0.0.1 /taa/index.php/Home/Activity/doEdit
INFO: [ app_init ] --START--
INFO: Run Behavior\BuildLiteBehavior [ RunTime:0.000009s ]
INFO: [ app_init ] --END-- [ RunTime:0.000187s ]

[ 2016-12-14T03:48:14+08:00 ] 127.0.0.1 /taa/index.php/Home/Activity/detail/act_id/2
INFO: [ app_init ] --START--
INFO: Run Behavior\BuildLiteBehavior [ RunTime:0.000017s ]
INFO: [ app_init ] --END-- [ RunTime:0.000321s ]

[ 2016-12-14T03:55:12+08:00 ] 127.0.0.1 /taa/index.php/Home/Activity/edit/act_id/2
INFO: [ app_init ] --START--
INFO: Run Behavior\BuildLiteBehavior [ RunTime:0.000010s ]
INFO: [ app_init ] --END-- [ RunTime:0.000413s ]

[ 2016-12-14T03:55:15+08:00 ] 127.0.0.1 /taa/index.php/Home/Activity/doEdit
INFO: [ app_init ] --START--
INFO: Run Behavior\BuildLiteBehavior [ RunTime:0.000056s ]
INFO: [ app_init ] --END-- [ RunTime:0.000292s ]

[ 2016-12-14T03:55:16+08:00 ] 127.0.0.1 /taa/index.php/Home/Activity/detail/act_id/2
INFO: [ app_init ] --START--
INFO: Run Behavior\BuildLiteBehavior [ RunTime:0.000008s ]
INFO: [ app_init ] --END-- [ RunTime:0.000168s ]

[ 2016-12-14T03:56:04+08:00 ] 127.0.0.1 /taa/index.php/Home/Activity/detail/act_id/2
INFO: [ app_init ] --START--
INFO: Run Behavior\BuildLiteBehavior [ RunTime:0.000007s ]
INFO: [ app_init ] --END-- [ RunTime:0.000198s ]

[ 2016-12-14T03:56:05+08:00 ] 127.0.0.1 /taa/index.php/Home/Activity/edit/act_id/2
INFO: [ app_init ] --START--
INFO: Run Behavior\BuildLiteBehavior [ RunTime:0.000008s ]
INFO: [ app_init ] --END-- [ RunTime:0.000173s ]

[ 2016-12-14T03:56:07+08:00 ] 127.0.0.1 /taa/index.php/Home/Activity/doEdit
INFO: [ app_init ] --START--
INFO: Run Behavior\BuildLiteBehavior [ RunTime:0.000011s ]
INFO: [ app_init ] --END-- [ RunTime:0.000214s ]

[ 2016-12-14T03:56:29+08:00 ] 127.0.0.1 /taa/index.php/Home/Activity/doEdit
INFO: [ app_init ] --START--
INFO: Run Behavior\BuildLiteBehavior [ RunTime:0.000008s ]
INFO: [ app_init ] --END-- [ RunTime:0.000172s ]

[ 2016-12-14T03:57:18+08:00 ] 127.0.0.1 /taa/index.php/Home/Activity/doEdit
INFO: [ app_init ] --START--
INFO: Run Behavior\BuildLiteBehavior [ RunTime:0.000012s ]
INFO: [ app_init ] --END-- [ RunTime:0.000222s ]

[ 2016-12-14T03:57:47+08:00 ] 127.0.0.1 /taa/index.php/Home/Activity/doEdit
INFO: [ app_init ] --START--
INFO: Run Behavior\BuildLiteBehavior [ RunTime:0.000008s ]
INFO: [ app_init ] --END-- [ RunTime:0.000177s ]

[ 2016-12-14T03:58:10+08:00 ] 127.0.0.1 /taa/index.php/Home/Activity/doEdit
INFO: [ app_init ] --START--
INFO: Run Behavior\BuildLiteBehavior [ RunTime:0.000008s ]
INFO: [ app_init ] --END-- [ RunTime:0.000174s ]

[ 2016-12-14T03:58:56+08:00 ] 127.0.0.1 /taa/index.php/Home/Activity/doEdit
INFO: [ app_init ] --START--
INFO: Run Behavior\BuildLiteBehavior [ RunTime:0.000031s ]
INFO: [ app_init ] --END-- [ RunTime:0.001059s ]

[ 2016-12-14T03:59:57+08:00 ] 127.0.0.1 /taa/index.php/Home/Activity/doEdit
INFO: [ app_init ] --START--
INFO: Run Behavior\BuildLiteBehavior [ RunTime:0.000025s ]
INFO: [ app_init ] --END-- [ RunTime:0.000795s ]
ERR: 1292:Incorrect datetime value: 'ffd2e1d0257cb15bd356a35adb903854' for column 'time' at row 1
 [ SQL语句 ] : UPDATE `activity` SET `name`='software design',`time`='ffd2e1d0257cb15bd356a35adb903854',`place`='hit',`discription`='do something' WHERE `act_id` = 2

[ 2016-12-14T04:02:11+08:00 ] 127.0.0.1 /taa/index.php/Home/Activity/doEdit
INFO: [ app_init ] --START--
INFO: Run Behavior\BuildLiteBehavior [ RunTime:0.000020s ]
INFO: [ app_init ] --END-- [ RunTime:0.000651s ]

[ 2016-12-14T04:03:06+08:00 ] 127.0.0.1 /taa/index.php/Home/Activity/doEdit
INFO: [ app_init ] --START--
INFO: Run Behavior\BuildLiteBehavior [ RunTime:0.000018s ]
INFO: [ app_init ] --END-- [ RunTime:0.000400s ]

[ 2016-12-14T04:04:18+08:00 ] 127.0.0.1 /taa/index.php/Home/Activity/doEdit
INFO: [ app_init ] --START--
INFO: Run Behavior\BuildLiteBehavior [ RunTime:0.000017s ]
INFO: [ app_init ] --END-- [ RunTime:0.000397s ]

[ 2016-12-14T04:04:48+08:00 ] 127.0.0.1 /taa/index.php/Home/Activity/doEdit
INFO: [ app_init ] --START--
INFO: Run Behavior\BuildLiteBehavior [ RunTime:0.000020s ]
INFO: [ app_init ] --END-- [ RunTime:0.000680s ]

[ 2016-12-14T04:04:54+08:00 ] 127.0.0.1 /taa/index.php/Home/Activity/doEdit
INFO: [ app_init ] --START--
INFO: Run Behavior\BuildLiteBehavior [ RunTime:0.000021s ]
INFO: [ app_init ] --END-- [ RunTime:0.000918s ]

[ 2016-12-14T04:05:02+08:00 ] 127.0.0.1 /taa/index.php/Home/Activity/doEdit
INFO: [ app_init ] --START--
INFO: Run Behavior\BuildLiteBehavior [ RunTime:0.000092s ]
INFO: [ app_init ] --END-- [ RunTime:0.000759s ]

[ 2016-12-14T04:05:36+08:00 ] 127.0.0.1 /taa/index.php/Home/Activity/doEdit
INFO: [ app_init ] --START--
INFO: Run Behavior\BuildLiteBehavior [ RunTime:0.000018s ]
INFO: [ app_init ] --END-- [ RunTime:0.000676s ]
ERR: 1292:Incorrect datetime value: '1481659536' for column 'time' at row 1
 [ SQL语句 ] : UPDATE `activity` SET `name`='software design',`time`='1481659536',`place`='hit',`discription`='do something' WHERE `act_id` = 2

[ 2016-12-14T04:06:25+08:00 ] 127.0.0.1 /taa/index.php/Home/Activity/doEdit
INFO: [ app_init ] --START--
INFO: Run Behavior\BuildLiteBehavior [ RunTime:0.000024s ]
INFO: [ app_init ] --END-- [ RunTime:0.000755s ]

[ 2016-12-14T04:06:49+08:00 ] 127.0.0.1 /taa/index.php/Home/Activity/doEdit
INFO: [ app_init ] --START--
INFO: Run Behavior\BuildLiteBehavior [ RunTime:0.000017s ]
INFO: [ app_init ] --END-- [ RunTime:0.000400s ]

[ 2016-12-14T04:08:33+08:00 ] 127.0.0.1 /taa/index.php/Home/Activity/doEdit
INFO: [ app_init ] --START--
INFO: Run Behavior\BuildLiteBehavior [ RunTime:0.000020s ]
INFO: [ app_init ] --END-- [ RunTime:0.000719s ]

[ 2016-12-14T04:08:50+08:00 ] 127.0.0.1 /taa/index.php/Home/Activity/doEdit
INFO: [ app_init ] --START--
INFO: Run Behavior\BuildLiteBehavior [ RunTime:0.000029s ]
INFO: [ app_init ] --END-- [ RunTime:0.000753s ]

[ 2016-12-14T04:09:15+08:00 ] 127.0.0.1 /taa/index.php/Home/Activity/doEdit
INFO: [ app_init ] --START--
INFO: Run Behavior\BuildLiteBehavior [ RunTime:0.000020s ]
INFO: [ app_init ] --END-- [ RunTime:0.000441s ]

[ 2016-12-14T04:09:18+08:00 ] 127.0.0.1 /taa/index.php/Home/Activity/doEdit
INFO: [ app_init ] --START--
INFO: Run Behavior\BuildLiteBehavior [ RunTime:0.000017s ]
INFO: [ app_init ] --END-- [ RunTime:0.000386s ]

[ 2016-12-14T04:09:31+08:00 ] 127.0.0.1 /taa/index.php/Home/Activity/doEdit
INFO: [ app_init ] --START--
INFO: Run Behavior\BuildLiteBehavior [ RunTime:0.000018s ]
INFO: [ app_init ] --END-- [ RunTime:0.000397s ]

[ 2016-12-14T04:50:42+08:00 ] 127.0.0.1 /taa/index.php/Home/Activity/doEdit
INFO: [ app_init ] --START--
INFO: Run Behavior\BuildLiteBehavior [ RunTime:0.000013s ]
INFO: [ app_init ] --END-- [ RunTime:0.000788s ]

[ 2016-12-14T04:51:30+08:00 ] 127.0.0.1 /taa/index.php/Home/Activity/doEdit
INFO: [ app_init ] --START--
INFO: Run Behavior\BuildLiteBehavior [ RunTime:0.000008s ]
INFO: [ app_init ] --END-- [ RunTime:0.000189s ]

[ 2016-12-14T04:51:33+08:00 ] 127.0.0.1 /taa/index.php/Home/Activity/doEdit
INFO: [ app_init ] --START--
INFO: Run Behavior\BuildLiteBehavior [ RunTime:0.000007s ]
INFO: [ app_init ] --END-- [ RunTime:0.000223s ]

[ 2016-12-14T04:51:48+08:00 ] 127.0.0.1 /taa/index.php/Home/Activity/doEdit
INFO: [ app_init ] --START--
INFO: Run Behavior\BuildLiteBehavior [ RunTime:0.000013s ]
INFO: [ app_init ] --END-- [ RunTime:0.000365s ]

[ 2016-12-14T04:52:08+08:00 ] 127.0.0.1 /taa/index.php/Home/Activity/doEdit
INFO: [ app_init ] --START--
INFO: Run Behavior\BuildLiteBehavior [ RunTime:0.000013s ]
INFO: [ app_init ] --END-- [ RunTime:0.000324s ]

[ 2016-12-14T04:52:34+08:00 ] 127.0.0.1 /taa/index.php/Home/Activity/doEdit
INFO: [ app_init ] --START--
INFO: Run Behavior\BuildLiteBehavior [ RunTime:0.000009s ]
INFO: [ app_init ] --END-- [ RunTime:0.000180s ]

[ 2016-12-14T04:52:47+08:00 ] 127.0.0.1 /taa/index.php/Home/Activity/doEdit
INFO: [ app_init ] --START--
INFO: Run Behavior\BuildLiteBehavior [ RunTime:0.000011s ]
INFO: [ app_init ] --END-- [ RunTime:0.000301s ]

[ 2016-12-14T04:53:40+08:00 ] 127.0.0.1 /taa/index.php/Home/Activity/doEdit
INFO: [ app_init ] --START--
INFO: Run Behavior\BuildLiteBehavior [ RunTime:0.000010s ]
INFO: [ app_init ] --END-- [ RunTime:0.000204s ]
ERR: Think\Model:time方法不存在！

[ 2016-12-14T04:53:48+08:00 ] 127.0.0.1 /taa/index.php/Home/Activity/doEdit
INFO: [ app_init ] --START--
INFO: Run Behavior\BuildLiteBehavior [ RunTime:0.000014s ]
INFO: [ app_init ] --END-- [ RunTime:0.000289s ]

[ 2016-12-14T04:54:01+08:00 ] 127.0.0.1 /taa/index.php/Home/Activity/doEdit
INFO: [ app_init ] --START--
INFO: Run Behavior\BuildLiteBehavior [ RunTime:0.000009s ]
INFO: [ app_init ] --END-- [ RunTime:0.000204s ]

[ 2016-12-14T04:54:24+08:00 ] 127.0.0.1 /taa/index.php/Home/Activity/doEdit
INFO: [ app_init ] --START--
INFO: Run Behavior\BuildLiteBehavior [ RunTime:0.000008s ]
INFO: [ app_init ] --END-- [ RunTime:0.000170s ]

[ 2016-12-14T04:54:25+08:00 ] 127.0.0.1 /taa/index.php/Home/Activity/detail/act_id/2
INFO: [ app_init ] --START--
INFO: Run Behavior\BuildLiteBehavior [ RunTime:0.000010s ]
INFO: [ app_init ] --END-- [ RunTime:0.000184s ]

[ 2016-12-14T04:54:29+08:00 ] 127.0.0.1 /taa/index.php/Home/Activity/edit/act_id/2
INFO: [ app_init ] --START--
INFO: Run Behavior\BuildLiteBehavior [ RunTime:0.000008s ]
INFO: [ app_init ] --END-- [ RunTime:0.000203s ]

[ 2016-12-14T04:54:31+08:00 ] 127.0.0.1 /taa/index.php/Home/Activity/doEdit
INFO: [ app_init ] --START--
INFO: Run Behavior\BuildLiteBehavior [ RunTime:0.000009s ]
INFO: [ app_init ] --END-- [ RunTime:0.000173s ]

[ 2016-12-14T04:54:33+08:00 ] 127.0.0.1 /taa/index.php/Home/User/index
INFO: [ app_init ] --START--
INFO: Run Behavior\BuildLiteBehavior [ RunTime:0.000010s ]
INFO: [ app_init ] --END-- [ RunTime:0.000188s ]

[ 2016-12-14T04:54:37+08:00 ] 127.0.0.1 /taa/index.php/Home/Activity/detail/act_id/2
INFO: [ app_init ] --START--
INFO: Run Behavior\BuildLiteBehavior [ RunTime:0.000008s ]
INFO: [ app_init ] --END-- [ RunTime:0.000174s ]

[ 2016-12-14T04:54:38+08:00 ] 127.0.0.1 /taa/index.php/Home/Activity/edit/act_id/2
INFO: [ app_init ] --START--
INFO: Run Behavior\BuildLiteBehavior [ RunTime:0.000008s ]
INFO: [ app_init ] --END-- [ RunTime:0.000169s ]

[ 2016-12-14T04:54:39+08:00 ] 127.0.0.1 /taa/index.php/Home/Activity/doEdit
INFO: [ app_init ] --START--
INFO: Run Behavior\BuildLiteBehavior [ RunTime:0.000008s ]
INFO: [ app_init ] --END-- [ RunTime:0.000188s ]

[ 2016-12-14T04:54:42+08:00 ] 127.0.0.1 /taa/index.php/Home/User/index
INFO: [ app_init ] --START--
INFO: Run Behavior\BuildLiteBehavior [ RunTime:0.000007s ]
INFO: [ app_init ] --END-- [ RunTime:0.000167s ]

[ 2016-12-14T04:55:08+08:00 ] 127.0.0.1 /taa/index.php/Home/Activity/detail/act_id/2
INFO: [ app_init ] --START--
INFO: Run Behavior\BuildLiteBehavior [ RunTime:0.000010s ]
INFO: [ app_init ] --END-- [ RunTime:0.000255s ]

[ 2016-12-14T04:55:10+08:00 ] 127.0.0.1 /taa/index.php/Home/Activity/detail/act_id/shedule.php?act=add&act_id=2
INFO: [ app_init ] --START--
INFO: Run Behavior\BuildLiteBehavior [ RunTime:0.000008s ]
INFO: [ app_init ] --END-- [ RunTime:0.000184s ]

[ 2016-12-14T04:55:11+08:00 ] 127.0.0.1 /taa/index.php/Home/Activity/edit/act_id/2
INFO: [ app_init ] --START--
INFO: Run Behavior\BuildLiteBehavior [ RunTime:0.000008s ]
INFO: [ app_init ] --END-- [ RunTime:0.000175s ]

[ 2016-12-14T04:55:14+08:00 ] 127.0.0.1 /taa/index.php/Home/Activity/doEdit
INFO: [ app_init ] --START--
INFO: Run Behavior\BuildLiteBehavior [ RunTime:0.000018s ]
INFO: [ app_init ] --END-- [ RunTime:0.000483s ]

[ 2016-12-14T04:55:34+08:00 ] 127.0.0.1 /taa/index.php/Home/Activity/doEdit
INFO: [ app_init ] --START--
INFO: Run Behavior\BuildLiteBehavior [ RunTime:0.000008s ]
INFO: [ app_init ] --END-- [ RunTime:0.000196s ]

[ 2016-12-14T04:55:44+08:00 ] 127.0.0.1 /taa/index.php/Home/Activity/doEdit
INFO: [ app_init ] --START--
INFO: Run Behavior\BuildLiteBehavior [ RunTime:0.000009s ]
INFO: [ app_init ] --END-- [ RunTime:0.000177s ]

[ 2016-12-14T04:55:53+08:00 ] 127.0.0.1 /taa/index.php/Home/Activity/doEdit
INFO: [ app_init ] --START--
INFO: Run Behavior\BuildLiteBehavior [ RunTime:0.000008s ]
INFO: [ app_init ] --END-- [ RunTime:0.000182s ]

[ 2016-12-14T04:55:56+08:00 ] 127.0.0.1 /taa/index.php/Home/User/index
INFO: [ app_init ] --START--
INFO: Run Behavior\BuildLiteBehavior [ RunTime:0.000014s ]
INFO: [ app_init ] --END-- [ RunTime:0.000367s ]

[ 2016-12-14T04:55:59+08:00 ] 127.0.0.1 /taa/index.php/Home/Activity/detail/act_id/2
INFO: [ app_init ] --START--
INFO: Run Behavior\BuildLiteBehavior [ RunTime:0.000010s ]
INFO: [ app_init ] --END-- [ RunTime:0.000190s ]

[ 2016-12-14T04:56:13+08:00 ] 127.0.0.1 /taa/index.php/Home/Activity/edit/act_id/2
INFO: [ app_init ] --START--
INFO: Run Behavior\BuildLiteBehavior [ RunTime:0.000009s ]
INFO: [ app_init ] --END-- [ RunTime:0.000182s ]

[ 2016-12-14T04:56:22+08:00 ] 127.0.0.1 /taa/index.php/Home/Activity/doEdit
INFO: [ app_init ] --START--
INFO: Run Behavior\BuildLiteBehavior [ RunTime:0.000008s ]
INFO: [ app_init ] --END-- [ RunTime:0.000176s ]

[ 2016-12-14T04:56:31+08:00 ] 127.0.0.1 /taa/index.php/Home/Activity/doEdit
INFO: [ app_init ] --START--
INFO: Run Behavior\BuildLiteBehavior [ RunTime:0.000008s ]
INFO: [ app_init ] --END-- [ RunTime:0.000177s ]

[ 2016-12-14T04:56:34+08:00 ] 127.0.0.1 /taa/index.php/Home/User/index
INFO: [ app_init ] --START--
INFO: Run Behavior\BuildLiteBehavior [ RunTime:0.000010s ]
INFO: [ app_init ] --END-- [ RunTime:0.000209s ]

[ 2016-12-14T04:56:46+08:00 ] 127.0.0.1 /taa/index.php/Home/Activity/detail/act_id/2
INFO: [ app_init ] --START--
INFO: Run Behavior\BuildLiteBehavior [ RunTime:0.000014s ]
INFO: [ app_init ] --END-- [ RunTime:0.000599s ]

[ 2016-12-14T04:56:47+08:00 ] 127.0.0.1 /taa/index.php/Home/Activity/detail/act_id/shedule.php?act=add&act_id=2
INFO: [ app_init ] --START--
INFO: Run Behavior\BuildLiteBehavior [ RunTime:0.000009s ]
INFO: [ app_init ] --END-- [ RunTime:0.000175s ]

[ 2016-12-14T04:56:49+08:00 ] 127.0.0.1 /taa/index.php/Home/Activity/edit/act_id/2
INFO: [ app_init ] --START--
INFO: Run Behavior\BuildLiteBehavior [ RunTime:0.000009s ]
INFO: [ app_init ] --END-- [ RunTime:0.000175s ]

[ 2016-12-14T04:56:55+08:00 ] 127.0.0.1 /taa/index.php/Home/Activity/doEdit
INFO: [ app_init ] --START--
INFO: Run Behavior\BuildLiteBehavior [ RunTime:0.000008s ]
INFO: [ app_init ] --END-- [ RunTime:0.000176s ]
ERR: 1406:Data too long for column 'name' at row 1
 [ SQL语句 ] : UPDATE `activity` SET `name`='software design123213',`time`='2016-12-12 00:00',`place`='hit',`discription`='do something' WHERE `act_id` = 2

[ 2016-12-14T04:57:31+08:00 ] 127.0.0.1 /taa/index.php/Home/Activity/doEdit
INFO: [ app_init ] --START--
INFO: Run Behavior\BuildLiteBehavior [ RunTime:0.000008s ]
INFO: [ app_init ] --END-- [ RunTime:0.000180s ]

[ 2016-12-14T04:57:32+08:00 ] 127.0.0.1 /taa/index.php/Home/Activity/detail/act_id/2
INFO: [ app_init ] --START--
INFO: Run Behavior\BuildLiteBehavior [ RunTime:0.000009s ]
INFO: [ app_init ] --END-- [ RunTime:0.000174s ]

[ 2016-12-14T04:57:36+08:00 ] 127.0.0.1 /taa/index.php/Home/Activity/detail/act_id/shedule.php?act=add&act_id=2
INFO: [ app_init ] --START--
INFO: Run Behavior\BuildLiteBehavior [ RunTime:0.000007s ]
INFO: [ app_init ] --END-- [ RunTime:0.000170s ]

[ 2016-12-14T04:57:38+08:00 ] 127.0.0.1 /taa/index.php/Home/Activity/edit/act_id/2
INFO: [ app_init ] --START--
INFO: Run Behavior\BuildLiteBehavior [ RunTime:0.000009s ]
INFO: [ app_init ] --END-- [ RunTime:0.000229s ]

[ 2016-12-14T04:57:44+08:00 ] 127.0.0.1 /taa/index.php/Home/Activity/doEdit
INFO: [ app_init ] --START--
INFO: Run Behavior\BuildLiteBehavior [ RunTime:0.000007s ]
INFO: [ app_init ] --END-- [ RunTime:0.000171s ]

[ 2016-12-14T04:57:46+08:00 ] 127.0.0.1 /taa/index.php/Home/Activity/detail/act_id/2
INFO: [ app_init ] --START--
INFO: Run Behavior\BuildLiteBehavior [ RunTime:0.000015s ]
INFO: [ app_init ] --END-- [ RunTime:0.000304s ]

[ 2016-12-14T04:57:49+08:00 ] 127.0.0.1 /taa/index.php/Home/Activity/edit/act_id/2
INFO: [ app_init ] --START--
INFO: Run Behavior\BuildLiteBehavior [ RunTime:0.000013s ]
INFO: [ app_init ] --END-- [ RunTime:0.000297s ]

[ 2016-12-14T04:57:53+08:00 ] 127.0.0.1 /taa/index.php/Home/Activity/doEdit
INFO: [ app_init ] --START--
INFO: Run Behavior\BuildLiteBehavior [ RunTime:0.000008s ]
INFO: [ app_init ] --END-- [ RunTime:0.000172s ]

[ 2016-12-14T04:57:54+08:00 ] 127.0.0.1 /taa/index.php/Home/Activity/detail/act_id/2
INFO: [ app_init ] --START--
INFO: Run Behavior\BuildLiteBehavior [ RunTime:0.000029s ]
INFO: [ app_init ] --END-- [ RunTime:0.000388s ]

[ 2016-12-14T04:58:16+08:00 ] 127.0.0.1 /taa/index.php/Home/Activity/detail/act_id/2
INFO: [ app_init ] --START--
INFO: Run Behavior\BuildLiteBehavior [ RunTime:0.000010s ]
INFO: [ app_init ] --END-- [ RunTime:0.000185s ]

[ 2016-12-14T04:58:18+08:00 ] 127.0.0.1 /taa/index.php/Home/Activity/edit/act_id/2
INFO: [ app_init ] --START--
INFO: Run Behavior\BuildLiteBehavior [ RunTime:0.000008s ]
INFO: [ app_init ] --END-- [ RunTime:0.000172s ]

[ 2016-12-14T04:58:26+08:00 ] 127.0.0.1 /taa/index.php/Home/Activity/doEdit
INFO: [ app_init ] --START--
INFO: Run Behavior\BuildLiteBehavior [ RunTime:0.000009s ]
INFO: [ app_init ] --END-- [ RunTime:0.000196s ]

[ 2016-12-14T04:58:27+08:00 ] 127.0.0.1 /taa/index.php/Home/Activity/detail/act_id/2
INFO: [ app_init ] --START--
INFO: Run Behavior\BuildLiteBehavior [ RunTime:0.000009s ]
INFO: [ app_init ] --END-- [ RunTime:0.000187s ]

[ 2016-12-14T04:58:29+08:00 ] 127.0.0.1 /taa/index.php/Home/Activity/detail/act_id/shedule.php?act=add&act_id=2
INFO: [ app_init ] --START--
INFO: Run Behavior\BuildLiteBehavior [ RunTime:0.000024s ]
INFO: [ app_init ] --END-- [ RunTime:0.000290s ]

[ 2016-12-14T04:58:31+08:00 ] 127.0.0.1 /taa/index.php/Home/Activity/edit/act_id/2
INFO: [ app_init ] --START--
INFO: Run Behavior\BuildLiteBehavior [ RunTime:0.000009s ]
INFO: [ app_init ] --END-- [ RunTime:0.000198s ]

[ 2016-12-14T05:10:57+08:00 ] 127.0.0.1 /taa/index.php/Home/User
INFO: [ app_init ] --START--
INFO: Run Behavior\BuildLiteBehavior [ RunTime:0.000011s ]
INFO: [ app_init ] --END-- [ RunTime:0.000433s ]

[ 2016-12-14T05:12:34+08:00 ] 127.0.0.1 /taa/index.php/Home/User
INFO: [ app_init ] --START--
INFO: Run Behavior\BuildLiteBehavior [ RunTime:0.000008s ]
INFO: [ app_init ] --END-- [ RunTime:0.000184s ]

[ 2016-12-14T05:12:37+08:00 ] 127.0.0.1 /taa/index.php/Home/Activity/detail/act_id/2
INFO: [ app_init ] --START--
INFO: Run Behavior\BuildLiteBehavior [ RunTime:0.000008s ]
INFO: [ app_init ] --END-- [ RunTime:0.000169s ]

[ 2016-12-14T05:12:51+08:00 ] 127.0.0.1 /taa/
INFO: [ app_init ] --START--
INFO: Run Behavior\BuildLiteBehavior [ RunTime:0.000015s ]
INFO: [ app_init ] --END-- [ RunTime:0.000337s ]

[ 2016-12-14T05:12:53+08:00 ] 127.0.0.1 /taa/index.php/Home/User
INFO: [ app_init ] --START--
INFO: Run Behavior\BuildLiteBehavior [ RunTime:0.000008s ]
INFO: [ app_init ] --END-- [ RunTime:0.000174s ]

[ 2016-12-14T05:13:43+08:00 ] 127.0.0.1 /taa/index.php/Home/User
INFO: [ app_init ] --START--
INFO: Run Behavior\BuildLiteBehavior [ RunTime:0.000007s ]
INFO: [ app_init ] --END-- [ RunTime:0.000173s ]

[ 2016-12-14T05:13:53+08:00 ] 127.0.0.1 /taa/index.php/Home/User
INFO: [ app_init ] --START--
INFO: Run Behavior\BuildLiteBehavior [ RunTime:0.000007s ]
INFO: [ app_init ] --END-- [ RunTime:0.000170s ]

[ 2016-12-14T05:13:55+08:00 ] 127.0.0.1 /taa/index.php/Home/Activity/detail/act_id/2
INFO: [ app_init ] --START--
INFO: Run Behavior\BuildLiteBehavior [ RunTime:0.000014s ]
INFO: [ app_init ] --END-- [ RunTime:0.000309s ]

[ 2016-12-14T05:13:56+08:00 ] 127.0.0.1 /taa/index.php/Home/Activity/edit/act_id/2
INFO: [ app_init ] --START--
INFO: Run Behavior\BuildLiteBehavior [ RunTime:0.000009s ]
INFO: [ app_init ] --END-- [ RunTime:0.000184s ]

[ 2016-12-14T05:13:59+08:00 ] 127.0.0.1 /taa/index.php/Home/Activity/doEdit
INFO: [ app_init ] --START--
INFO: Run Behavior\BuildLiteBehavior [ RunTime:0.000008s ]
INFO: [ app_init ] --END-- [ RunTime:0.000176s ]

[ 2016-12-14T05:14:00+08:00 ] 127.0.0.1 /taa/index.php/Home/Activity/detail/act_id/2
INFO: [ app_init ] --START--
INFO: Run Behavior\BuildLiteBehavior [ RunTime:0.000009s ]
INFO: [ app_init ] --END-- [ RunTime:0.000187s ]

[ 2016-12-14T05:14:00+08:00 ] 127.0.0.1 /taa/index.php/Home/Activity/detail/act_id/2
INFO: [ app_init ] --START--
INFO: Run Behavior\BuildLiteBehavior [ RunTime:0.000009s ]
INFO: [ app_init ] --END-- [ RunTime:0.000175s ]

[ 2016-12-14T05:14:01+08:00 ] 127.0.0.1 /taa/index.php/Home/Activity/edit/act_id/2
INFO: [ app_init ] --START--
INFO: Run Behavior\BuildLiteBehavior [ RunTime:0.000010s ]
INFO: [ app_init ] --END-- [ RunTime:0.000260s ]

[ 2016-12-14T05:14:07+08:00 ] 127.0.0.1 /taa/index.php/Home/Activity/doEdit
INFO: [ app_init ] --START--
INFO: Run Behavior\BuildLiteBehavior [ RunTime:0.000012s ]
INFO: [ app_init ] --END-- [ RunTime:0.000363s ]

[ 2016-12-14T05:14:08+08:00 ] 127.0.0.1 /taa/index.php/Home/Activity/detail/act_id/2
INFO: [ app_init ] --START--
INFO: Run Behavior\BuildLiteBehavior [ RunTime:0.000014s ]
INFO: [ app_init ] --END-- [ RunTime:0.000304s ]

[ 2016-12-14T05:14:11+08:00 ] 127.0.0.1 /taa/index.php/Home/User
INFO: [ app_init ] --START--
INFO: Run Behavior\BuildLiteBehavior [ RunTime:0.000008s ]
INFO: [ app_init ] --END-- [ RunTime:0.000169s ]

[ 2016-12-14T05:14:14+08:00 ] 127.0.0.1 /taa/index.php/Home/Activity/detail/act_id/3
INFO: [ app_init ] --START--
INFO: Run Behavior\BuildLiteBehavior [ RunTime:0.000014s ]
INFO: [ app_init ] --END-- [ RunTime:0.000258s ]

[ 2016-12-14T05:14:16+08:00 ] 127.0.0.1 /taa/index.php/Home/Activity/detail/act_id/shedule.php?act=add&act_id=3
INFO: [ app_init ] --START--
INFO: Run Behavior\BuildLiteBehavior [ RunTime:0.000009s ]
INFO: [ app_init ] --END-- [ RunTime:0.000186s ]

[ 2016-12-14T05:14:18+08:00 ] 127.0.0.1 /taa/index.php/Home/Activity/edit/act_id/3
INFO: [ app_init ] --START--
INFO: Run Behavior\BuildLiteBehavior [ RunTime:0.000028s ]
INFO: [ app_init ] --END-- [ RunTime:0.000406s ]

[ 2016-12-14T05:14:25+08:00 ] 127.0.0.1 /taa/index.php/Home/Activity/doEdit
INFO: [ app_init ] --START--
INFO: Run Behavior\BuildLiteBehavior [ RunTime:0.000009s ]
INFO: [ app_init ] --END-- [ RunTime:0.000188s ]

[ 2016-12-14T05:14:26+08:00 ] 127.0.0.1 /taa/index.php/Home/Activity/detail/act_id/3
INFO: [ app_init ] --START--
INFO: Run Behavior\BuildLiteBehavior [ RunTime:0.000041s ]
INFO: [ app_init ] --END-- [ RunTime:0.000235s ]

[ 2016-12-14T05:14:29+08:00 ] 127.0.0.1 /taa/index.php/Home/User
INFO: [ app_init ] --START--
INFO: Run Behavior\BuildLiteBehavior [ RunTime:0.000007s ]
INFO: [ app_init ] --END-- [ RunTime:0.000169s ]

[ 2016-12-14T05:21:48+08:00 ] 127.0.0.1 /taa/index.php/Home/User
INFO: [ app_init ] --START--
INFO: Run Behavior\BuildLiteBehavior [ RunTime:0.000009s ]
INFO: [ app_init ] --END-- [ RunTime:0.000339s ]

[ 2016-12-14T05:37:51+08:00 ] 127.0.0.1 /taa/
INFO: [ app_init ] --START--
INFO: Run Behavior\BuildLiteBehavior [ RunTime:0.000011s ]
INFO: [ app_init ] --END-- [ RunTime:0.000382s ]

[ 2016-12-14T05:37:55+08:00 ] 127.0.0.1 /taa/index.php/Home/User
INFO: [ app_init ] --START--
INFO: Run Behavior\BuildLiteBehavior [ RunTime:0.000008s ]
INFO: [ app_init ] --END-- [ RunTime:0.000170s ]

[ 2016-12-14T05:39:32+08:00 ] 127.0.0.1 /taa/index.php/Home/Activity/detail/act_id/2
INFO: [ app_init ] --START--
INFO: Run Behavior\BuildLiteBehavior [ RunTime:0.000012s ]
INFO: [ app_init ] --END-- [ RunTime:0.000465s ]

[ 2016-12-14T05:39:51+08:00 ] 127.0.0.1 /taa/index.php/Home/User
INFO: [ app_init ] --START--
INFO: Run Behavior\BuildLiteBehavior [ RunTime:0.000009s ]
INFO: [ app_init ] --END-- [ RunTime:0.000274s ]

[ 2016-12-14T05:40:05+08:00 ] 127.0.0.1 /taa/index.php/Home/Activity/detail/act_id/2
INFO: [ app_init ] --START--
INFO: Run Behavior\BuildLiteBehavior [ RunTime:0.000009s ]
INFO: [ app_init ] --END-- [ RunTime:0.000187s ]

[ 2016-12-14T05:41:20+08:00 ] 127.0.0.1 /taa/index.php/Home/Activity/detail/act_id/2
INFO: [ app_init ] --START--
INFO: Run Behavior\BuildLiteBehavior [ RunTime:0.000009s ]
INFO: [ app_init ] --END-- [ RunTime:0.000182s ]

[ 2016-12-14T05:55:14+08:00 ] 127.0.0.1 /taa/index.php/Home/Activity/detail/act_id/2
INFO: [ app_init ] --START--
INFO: Run Behavior\BuildLiteBehavior [ RunTime:0.000032s ]
INFO: [ app_init ] --END-- [ RunTime:0.000491s ]

[ 2016-12-14T05:55:16+08:00 ] 127.0.0.1 /taa/index.php/Home/Shedule/detail/shedule_id/1
INFO: [ app_init ] --START--
INFO: Run Behavior\BuildLiteBehavior [ RunTime:0.000008s ]
INFO: [ app_init ] --END-- [ RunTime:0.000174s ]

[ 2016-12-14T06:04:49+08:00 ] 127.0.0.1 /taa/index.php/Home/Shedule/detail/shedule_id/1
INFO: [ app_init ] --START--
INFO: Run Behavior\BuildLiteBehavior [ RunTime:0.000011s ]
INFO: [ app_init ] --END-- [ RunTime:0.000494s ]

[ 2016-12-14T06:04:51+08:00 ] 127.0.0.1 /taa/index.php/Home/Shedule/edit/shedule_id/1
INFO: [ app_init ] --START--
INFO: Run Behavior\BuildLiteBehavior [ RunTime:0.000010s ]
INFO: [ app_init ] --END-- [ RunTime:0.000183s ]

[ 2016-12-14T06:07:14+08:00 ] 127.0.0.1 /taa/index.php/Home/Shedule/edit/shedule_id/1
INFO: [ app_init ] --START--
INFO: Run Behavior\BuildLiteBehavior [ RunTime:0.000007s ]
INFO: [ app_init ] --END-- [ RunTime:0.000174s ]

[ 2016-12-14T06:07:26+08:00 ] 127.0.0.1 /taa/index.php/Home/Shedule/doEdit
INFO: [ app_init ] --START--
INFO: Run Behavior\BuildLiteBehavior [ RunTime:0.000008s ]
INFO: [ app_init ] --END-- [ RunTime:0.000201s ]

[ 2016-12-14T06:07:29+08:00 ] 127.0.0.1 /taa/index.php/Home/User/index
INFO: [ app_init ] --START--
INFO: Run Behavior\BuildLiteBehavior [ RunTime:0.000010s ]
INFO: [ app_init ] --END-- [ RunTime:0.000239s ]

[ 2016-12-14T06:11:09+08:00 ] 127.0.0.1 /taa/index.php/Home/Shedule/doEdit
INFO: [ app_init ] --START--
INFO: Run Behavior\BuildLiteBehavior [ RunTime:0.000027s ]
INFO: [ app_init ] --END-- [ RunTime:0.000540s ]

[ 2016-12-14T06:11:12+08:00 ] 127.0.0.1 /taa/index.php/Home/User/index
INFO: [ app_init ] --START--
INFO: Run Behavior\BuildLiteBehavior [ RunTime:0.000011s ]
INFO: [ app_init ] --END-- [ RunTime:0.000290s ]

[ 2016-12-14T06:11:39+08:00 ] 127.0.0.1 /taa/index.php/Home/Activity/detail/act_id/2
INFO: [ app_init ] --START--
INFO: Run Behavior\BuildLiteBehavior [ RunTime:0.000008s ]
INFO: [ app_init ] --END-- [ RunTime:0.000200s ]

[ 2016-12-14T06:11:42+08:00 ] 127.0.0.1 /taa/index.php/Home/Shedule/detail/shedule_id/1
INFO: [ app_init ] --START--
INFO: Run Behavior\BuildLiteBehavior [ RunTime:0.000013s ]
INFO: [ app_init ] --END-- [ RunTime:0.000263s ]

[ 2016-12-14T06:11:43+08:00 ] 127.0.0.1 /taa/index.php/Home/Shedule/edit/shedule_id/1
INFO: [ app_init ] --START--
INFO: Run Behavior\BuildLiteBehavior [ RunTime:0.000026s ]
INFO: [ app_init ] --END-- [ RunTime:0.000204s ]

[ 2016-12-14T06:13:26+08:00 ] 127.0.0.1 /taa/index.php/Home/Shedule/doEdit
INFO: [ app_init ] --START--
INFO: Run Behavior\BuildLiteBehavior [ RunTime:0.000009s ]
INFO: [ app_init ] --END-- [ RunTime:0.000285s ]
ERR: 1292:Incorrect datetime value: '' for column 'deadline' at row 1
 [ SQL语句 ] : UPDATE `shedule` SET `name`='s1',`finish`='f1',`deadline`='' WHERE `shedule_id` = 1

[ 2016-12-14T06:14:34+08:00 ] 127.0.0.1 /taa/index.php/Home/Shedule/edit/shedule_id/1
INFO: [ app_init ] --START--
INFO: Run Behavior\BuildLiteBehavior [ RunTime:0.000008s ]
INFO: [ app_init ] --END-- [ RunTime:0.000173s ]

[ 2016-12-14T06:16:15+08:00 ] 127.0.0.1 /taa/index.php/Home/Shedule/doEdit
INFO: [ app_init ] --START--
INFO: Run Behavior\BuildLiteBehavior [ RunTime:0.000016s ]
INFO: [ app_init ] --END-- [ RunTime:0.000268s ]

[ 2016-12-14T06:16:16+08:00 ] 127.0.0.1 /taa/index.php/Home/Shedule/detail/shedule_id/1
INFO: [ app_init ] --START--
INFO: Run Behavior\BuildLiteBehavior [ RunTime:0.000008s ]
INFO: [ app_init ] --END-- [ RunTime:0.000173s ]

[ 2016-12-14T06:16:27+08:00 ] 127.0.0.1 /taa/index.php/Home/Shedule/edit/shedule_id/1
INFO: [ app_init ] --START--
INFO: Run Behavior\BuildLiteBehavior [ RunTime:0.000008s ]
INFO: [ app_init ] --END-- [ RunTime:0.000179s ]

[ 2016-12-14T08:55:40+08:00 ] 127.0.0.1 /taa/index.php/Home/User
INFO: [ app_init ] --START--
INFO: Run Behavior\BuildLiteBehavior [ RunTime:0.000011s ]
INFO: [ app_init ] --END-- [ RunTime:0.000505s ]

[ 2016-12-14T09:09:47+08:00 ] 127.0.0.1 /taa/index.php/Home/__MODELE__/Shedule/add/act_id/2
INFO: [ app_init ] --START--
INFO: Run Behavior\BuildLiteBehavior [ RunTime:0.000015s ]
INFO: [ app_init ] --END-- [ RunTime:0.000846s ]
ERR: 无法加载控制器:__MODELE__

[ 2016-12-14T09:09:53+08:00 ] 127.0.0.1 /taa/index.php/Home/User
INFO: [ app_init ] --START--
INFO: Run Behavior\BuildLiteBehavior [ RunTime:0.000013s ]
INFO: [ app_init ] --END-- [ RunTime:0.000304s ]

[ 2016-12-14T09:09:54+08:00 ] 127.0.0.1 /taa/index.php/Home/__MODELE__/Shedule/add/act_id/2
INFO: [ app_init ] --START--
INFO: Run Behavior\BuildLiteBehavior [ RunTime:0.000009s ]
INFO: [ app_init ] --END-- [ RunTime:0.000175s ]
ERR: 无法加载控制器:__MODELE__

[ 2016-12-14T09:18:38+08:00 ] 127.0.0.1 /taa/index.php/Home/User
INFO: [ app_init ] --START--
INFO: Run Behavior\BuildLiteBehavior [ RunTime:0.000012s ]
INFO: [ app_init ] --END-- [ RunTime:0.000457s ]

[ 2016-12-14T09:18:40+08:00 ] 127.0.0.1 /taa/index.php/Home/__MODELE__/Shedule/add/act_id/2
INFO: [ app_init ] --START--
INFO: Run Behavior\BuildLiteBehavior [ RunTime:0.000009s ]
INFO: [ app_init ] --END-- [ RunTime:0.000175s ]
ERR: 无法加载控制器:__MODELE__

[ 2016-12-14T09:19:18+08:00 ] 127.0.0.1 /taa/index.php/Home/__MODELE__/Shedule/add/act_id/2
INFO: [ app_init ] --START--
INFO: Run Behavior\BuildLiteBehavior [ RunTime:0.000010s ]
INFO: [ app_init ] --END-- [ RunTime:0.000207s ]
ERR: 无法加载控制器:__MODELE__

[ 2016-12-14T09:19:20+08:00 ] 127.0.0.1 /taa/index.php/Home/User
INFO: [ app_init ] --START--
INFO: Run Behavior\BuildLiteBehavior [ RunTime:0.000014s ]
INFO: [ app_init ] --END-- [ RunTime:0.000301s ]

[ 2016-12-14T09:19:21+08:00 ] 127.0.0.1 /taa/index.php/Home/Shedule/add/act_id/2
INFO: [ app_init ] --START--
INFO: Run Behavior\BuildLiteBehavior [ RunTime:0.000008s ]
INFO: [ app_init ] --END-- [ RunTime:0.000195s ]

[ 2016-12-14T09:19:41+08:00 ] 127.0.0.1 /taa/index.php/Home/Shedule/add/act_id/doAdd
INFO: [ app_init ] --START--
INFO: Run Behavior\BuildLiteBehavior [ RunTime:0.000009s ]
INFO: [ app_init ] --END-- [ RunTime:0.000202s ]

[ 2016-12-14T09:20:49+08:00 ] 127.0.0.1 /taa/index.php/Home/User
INFO: [ app_init ] --START--
INFO: Run Behavior\BuildLiteBehavior [ RunTime:0.000009s ]
INFO: [ app_init ] --END-- [ RunTime:0.000202s ]

[ 2016-12-14T09:20:52+08:00 ] 127.0.0.1 /taa/index.php/Home/Activity/detail/act_id/2
INFO: [ app_init ] --START--
INFO: Run Behavior\BuildLiteBehavior [ RunTime:0.000010s ]
INFO: [ app_init ] --END-- [ RunTime:0.000244s ]

[ 2016-12-14T09:20:55+08:00 ] 127.0.0.1 /taa/index.php/Home/Shedule/add/act_id/2
INFO: [ app_init ] --START--
INFO: Run Behavior\BuildLiteBehavior [ RunTime:0.000009s ]
INFO: [ app_init ] --END-- [ RunTime:0.000186s ]

[ 2016-12-14T09:21:05+08:00 ] 127.0.0.1 /taa/index.php/Home/Shedule/doAdd
INFO: [ app_init ] --START--
INFO: Run Behavior\BuildLiteBehavior [ RunTime:0.000015s ]
INFO: [ app_init ] --END-- [ RunTime:0.000306s ]
ERR: 1292:Incorrect datetime value: '' for column 'deadline' at row 1
 [ SQL语句 ] : INSERT INTO `shedule` (`act_id`,`name`,`deadline`,`user_id`) VALUES ('0','dead','','2')

[ 2016-12-14T09:23:21+08:00 ] 127.0.0.1 /taa/index.php/Home/Shedule/doAdd
INFO: [ app_init ] --START--
INFO: Run Behavior\BuildLiteBehavior [ RunTime:0.000008s ]
INFO: [ app_init ] --END-- [ RunTime:0.000209s ]
ERR: 1292:Incorrect datetime value: '' for column 'deadline' at row 1
 [ SQL语句 ] : INSERT INTO `shedule` (`act_id`,`name`,`deadline`,`user_id`) VALUES ('0','dead','','2')

[ 2016-12-14T09:23:43+08:00 ] 127.0.0.1 /taa/index.php/Home/Shedule/doAdd
INFO: [ app_init ] --START--
INFO: Run Behavior\BuildLiteBehavior [ RunTime:0.000054s ]
INFO: [ app_init ] --END-- [ RunTime:0.000574s ]

[ 2016-12-14T09:23:59+08:00 ] 127.0.0.1 /taa/index.php/Home/Shedule
INFO: [ app_init ] --START--
INFO: Run Behavior\BuildLiteBehavior [ RunTime:0.000008s ]
INFO: [ app_init ] --END-- [ RunTime:0.000222s ]

[ 2016-12-14T09:24:03+08:00 ] 127.0.0.1 /taa/index.php/Home/User
INFO: [ app_init ] --START--
INFO: Run Behavior\BuildLiteBehavior [ RunTime:0.000014s ]
INFO: [ app_init ] --END-- [ RunTime:0.000426s ]

[ 2016-12-14T09:24:06+08:00 ] 127.0.0.1 /taa/index.php/Home/Shedule/add/act_id/2
INFO: [ app_init ] --START--
INFO: Run Behavior\BuildLiteBehavior [ RunTime:0.000008s ]
INFO: [ app_init ] --END-- [ RunTime:0.000172s ]

[ 2016-12-14T09:25:01+08:00 ] 127.0.0.1 /taa/index.php/Home/Shedule/add/act_id/2
INFO: [ app_init ] --START--
INFO: Run Behavior\BuildLiteBehavior [ RunTime:0.000009s ]
INFO: [ app_init ] --END-- [ RunTime:0.000194s ]

[ 2016-12-14T09:25:24+08:00 ] 127.0.0.1 /taa/index.php/Home/Shedule/doAdd
INFO: [ app_init ] --START--
INFO: Run Behavior\BuildLiteBehavior [ RunTime:0.000008s ]
INFO: [ app_init ] --END-- [ RunTime:0.000184s ]

[ 2016-12-14T09:26:12+08:00 ] 127.0.0.1 /taa/index.php/Home/Shedule/doAdd
INFO: [ app_init ] --START--
INFO: Run Behavior\BuildLiteBehavior [ RunTime:0.000008s ]
INFO: [ app_init ] --END-- [ RunTime:0.000173s ]
ERR: 1292:Incorrect datetime value: '' for column 'deadline' at row 1
 [ SQL语句 ] : INSERT INTO `shedule` (`act_id`,`name`,`deadline`,`user_id`) VALUES ('2','dead','','2')

[ 2016-12-14T09:26:46+08:00 ] 127.0.0.1 /taa/index.php/Home/Shedule/doAdd
INFO: [ app_init ] --START--
INFO: Run Behavior\BuildLiteBehavior [ RunTime:0.000010s ]
INFO: [ app_init ] --END-- [ RunTime:0.000336s ]
ERR: 1364:Field 'description' doesn't have a default value
 [ SQL语句 ] : INSERT INTO `shedule` (`act_id`,`name`,`deadline`,`user_id`) VALUES ('2','dead','2016-12-12 00:00','2')

[ 2016-12-14T09:27:25+08:00 ] 127.0.0.1 /taa/index.php/Home/Shedule/doAdd
INFO: [ app_init ] --START--
INFO: Run Behavior\BuildLiteBehavior [ RunTime:0.000009s ]
INFO: [ app_init ] --END-- [ RunTime:0.000193s ]
ERR: 1364:Field 'finish' doesn't have a default value
 [ SQL语句 ] : INSERT INTO `shedule` (`act_id`,`name`,`deadline`,`user_id`) VALUES ('2','dead','2016-12-12 00:00','2')

[ 2016-12-14T09:29:47+08:00 ] 127.0.0.1 /taa/index.php/Home/Shedule/doAdd
INFO: [ app_init ] --START--
INFO: Run Behavior\BuildLiteBehavior [ RunTime:0.000014s ]
INFO: [ app_init ] --END-- [ RunTime:0.000517s ]

[ 2016-12-14T09:30:17+08:00 ] 127.0.0.1 /taa/index.php/Home/Shedule/doAdd
INFO: [ app_init ] --START--
INFO: Run Behavior\BuildLiteBehavior [ RunTime:0.000011s ]
INFO: [ app_init ] --END-- [ RunTime:0.000424s ]

[ 2016-12-14T09:30:18+08:00 ] 127.0.0.1 /taa/index.php/Home/Activity/detail/act_id/2
INFO: [ app_init ] --START--
INFO: Run Behavior\BuildLiteBehavior [ RunTime:0.000009s ]
INFO: [ app_init ] --END-- [ RunTime:0.000176s ]

[ 2016-12-14T09:34:48+08:00 ] 127.0.0.1 /taa/
INFO: [ app_init ] --START--
INFO: Run Behavior\BuildLiteBehavior [ RunTime:0.000011s ]
INFO: [ app_init ] --END-- [ RunTime:0.000407s ]

[ 2016-12-14T09:53:25+08:00 ] 127.0.0.1 /taa/
INFO: [ app_init ] --START--
INFO: Run Behavior\BuildLiteBehavior [ RunTime:0.000011s ]
INFO: [ app_init ] --END-- [ RunTime:0.000527s ]

[ 2016-12-14T10:21:07+08:00 ] 127.0.0.1 /taa/
INFO: [ app_init ] --START--
INFO: Run Behavior\BuildLiteBehavior [ RunTime:0.000020s ]
INFO: [ app_init ] --END-- [ RunTime:0.001284s ]

[ 2016-12-14T10:21:34+08:00 ] 127.0.0.1 /taa/
INFO: [ app_init ] --START--
INFO: Run Behavior\BuildLiteBehavior [ RunTime:0.000014s ]
INFO: [ app_init ] --END-- [ RunTime:0.000627s ]

[ 2016-12-14T10:22:00+08:00 ] 127.0.0.1 /taa/
INFO: [ app_init ] --START--
INFO: Run Behavior\BuildLiteBehavior [ RunTime:0.000012s ]
INFO: [ app_init ] --END-- [ RunTime:0.000317s ]

[ 2016-12-14T10:23:14+08:00 ] 127.0.0.1 /taa/
INFO: [ app_init ] --START--
INFO: Run Behavior\BuildLiteBehavior [ RunTime:0.000013s ]
INFO: [ app_init ] --END-- [ RunTime:0.000553s ]

[ 2016-12-14T10:23:36+08:00 ] 127.0.0.1 /taa/
INFO: [ app_init ] --START--
INFO: Run Behavior\BuildLiteBehavior [ RunTime:0.000012s ]
INFO: [ app_init ] --END-- [ RunTime:0.000478s ]

[ 2016-12-14T10:38:50+08:00 ] 127.0.0.1 /taa/
INFO: [ app_init ] --START--
INFO: Run Behavior\BuildLiteBehavior [ RunTime:0.000017s ]
INFO: [ app_init ] --END-- [ RunTime:0.000619s ]

[ 2016-12-14T10:49:45+08:00 ] 127.0.0.1 /taa/index.php/Home/User
INFO: [ app_init ] --START--
INFO: Run Behavior\BuildLiteBehavior [ RunTime:0.000013s ]
INFO: [ app_init ] --END-- [ RunTime:0.000563s ]

[ 2016-12-14T10:49:52+08:00 ] 127.0.0.1 /taa/index.php/Home/Activity/detail/act_id/2
INFO: [ app_init ] --START--
INFO: Run Behavior\BuildLiteBehavior [ RunTime:0.000013s ]
INFO: [ app_init ] --END-- [ RunTime:0.000346s ]

[ 2016-12-14T10:50:00+08:00 ] 127.0.0.1 /taa/index.php/Home/Shedule/detail/shedule_id/1
INFO: [ app_init ] --START--
INFO: Run Behavior\BuildLiteBehavior [ RunTime:0.000010s ]
INFO: [ app_init ] --END-- [ RunTime:0.000302s ]

[ 2016-12-14T10:55:32+08:00 ] 127.0.0.1 /taa/
INFO: [ app_init ] --START--
INFO: Run Behavior\BuildLiteBehavior [ RunTime:0.000048s ]
INFO: [ app_init ] --END-- [ RunTime:0.000508s ]

[ 2016-12-14T10:58:33+08:00 ] 127.0.0.1 /taa/index.php/Home/User
INFO: [ app_init ] --START--
INFO: Run Behavior\BuildLiteBehavior [ RunTime:0.000011s ]
INFO: [ app_init ] --END-- [ RunTime:0.000442s ]

[ 2016-12-14T11:04:24+08:00 ] 127.0.0.1 /taa/index.php/Home/Activity/detail/act_id/4
INFO: [ app_init ] --START--
INFO: Run Behavior\BuildLiteBehavior [ RunTime:0.000010s ]
INFO: [ app_init ] --END-- [ RunTime:0.000399s ]

[ 2016-12-14T11:04:28+08:00 ] 127.0.0.1 /taa/index.php/Home/User
INFO: [ app_init ] --START--
INFO: Run Behavior\BuildLiteBehavior [ RunTime:0.000008s ]
INFO: [ app_init ] --END-- [ RunTime:0.000178s ]

[ 2016-12-14T11:04:29+08:00 ] 127.0.0.1 /taa/index.php/Home/Sign/signout
INFO: [ app_init ] --START--
INFO: Run Behavior\BuildLiteBehavior [ RunTime:0.000014s ]
INFO: [ app_init ] --END-- [ RunTime:0.000304s ]

[ 2016-12-14T11:04:30+08:00 ] 127.0.0.1 /taa/index.php/Home/Index/index
INFO: [ app_init ] --START--
INFO: Run Behavior\BuildLiteBehavior [ RunTime:0.000008s ]
INFO: [ app_init ] --END-- [ RunTime:0.000186s ]

[ 2016-12-14T11:04:32+08:00 ] 127.0.0.1 /taa/index.php/Home/Activity/detail/act_id/2
INFO: [ app_init ] --START--
INFO: Run Behavior\BuildLiteBehavior [ RunTime:0.000008s ]
INFO: [ app_init ] --END-- [ RunTime:0.000169s ]

[ 2016-12-14T11:04:34+08:00 ] 127.0.0.1 /taa/index.php/Home/Activity/edit/act_id/2
INFO: [ app_init ] --START--
INFO: Run Behavior\BuildLiteBehavior [ RunTime:0.000011s ]
INFO: [ app_init ] --END-- [ RunTime:0.000223s ]

[ 2016-12-14T11:04:37+08:00 ] 127.0.0.1 /taa/index.php/Home/Sign/index
INFO: [ app_init ] --START--
INFO: Run Behavior\BuildLiteBehavior [ RunTime:0.000016s ]
INFO: [ app_init ] --END-- [ RunTime:0.000343s ]

[ 2016-12-14T11:04:38+08:00 ] 127.0.0.1 /taa/
INFO: [ app_init ] --START--
INFO: Run Behavior\BuildLiteBehavior [ RunTime:0.000008s ]
INFO: [ app_init ] --END-- [ RunTime:0.000172s ]

[ 2016-12-14T11:04:40+08:00 ] 127.0.0.1 /taa/index.php/Home/Shedule/add/act_id/2
INFO: [ app_init ] --START--
INFO: Run Behavior\BuildLiteBehavior [ RunTime:0.000008s ]
INFO: [ app_init ] --END-- [ RunTime:0.000173s ]

[ 2016-12-14T11:04:43+08:00 ] 127.0.0.1 /taa/index.php/Home/Sign/index
INFO: [ app_init ] --START--
INFO: Run Behavior\BuildLiteBehavior [ RunTime:0.000008s ]
INFO: [ app_init ] --END-- [ RunTime:0.000171s ]

[ 2016-12-14T11:04:44+08:00 ] 127.0.0.1 /taa/
INFO: [ app_init ] --START--
INFO: Run Behavior\BuildLiteBehavior [ RunTime:0.000011s ]
INFO: [ app_init ] --END-- [ RunTime:0.000209s ]

[ 2016-12-14T11:05:37+08:00 ] 127.0.0.1 /taa/
INFO: [ app_init ] --START--
INFO: Run Behavior\BuildLiteBehavior [ RunTime:0.000009s ]
INFO: [ app_init ] --END-- [ RunTime:0.000269s ]

