[ 2016-12-13T00:32:09+08:00 ] 127.0.0.1 /taa/index.php/Home/index
INFO: [ app_init ] --START--
INFO: Run Behavior\BuildLiteBehavior [ RunTime:0.000021s ]
INFO: [ app_init ] --END-- [ RunTime:0.001224s ]

[ 2016-12-13T00:32:45+08:00 ] 127.0.0.1 /taa/index.php/Home/index
INFO: [ app_init ] --START--
INFO: Run Behavior\BuildLiteBehavior [ RunTime:0.000013s ]
INFO: [ app_init ] --END-- [ RunTime:0.000332s ]

[ 2016-12-13T00:33:13+08:00 ] 127.0.0.1 /taa/index.php/Home/index
INFO: [ app_init ] --START--
INFO: Run Behavior\BuildLiteBehavior [ RunTime:0.000020s ]
INFO: [ app_init ] --END-- [ RunTime:0.000525s ]
ERR: 模板不存在:./Application/Home/View/Index/index.html.html

[ 2016-12-13T00:33:24+08:00 ] 127.0.0.1 /taa/index.php/Home/index
INFO: [ app_init ] --START--
INFO: Run Behavior\BuildLiteBehavior [ RunTime:0.000011s ]
INFO: [ app_init ] --END-- [ RunTime:0.000360s ]

[ 2016-12-13T00:33:38+08:00 ] 127.0.0.1 /taa/index.php/Home/index
INFO: [ app_init ] --START--
INFO: Run Behavior\BuildLiteBehavior [ RunTime:0.000010s ]
INFO: [ app_init ] --END-- [ RunTime:0.000305s ]

[ 2016-12-13T00:34:02+08:00 ] 127.0.0.1 /taa/index.php/Home/index
INFO: [ app_init ] --START--
INFO: Run Behavior\BuildLiteBehavior [ RunTime:0.000010s ]
INFO: [ app_init ] --END-- [ RunTime:0.000891s ]

[ 2016-12-13T00:34:23+08:00 ] 127.0.0.1 /taa/index.php/Home/index
INFO: [ app_init ] --START--
INFO: Run Behavior\BuildLiteBehavior [ RunTime:0.000008s ]
INFO: [ app_init ] --END-- [ RunTime:0.000170s ]

[ 2016-12-13T00:34:26+08:00 ] 127.0.0.1 /taa/index.php/Home/index
INFO: [ app_init ] --START--
INFO: Run Behavior\BuildLiteBehavior [ RunTime:0.000008s ]
INFO: [ app_init ] --END-- [ RunTime:0.000221s ]

[ 2016-12-13T00:34:59+08:00 ] 127.0.0.1 /taa/index.php/Home/index
INFO: [ app_init ] --START--
INFO: Run Behavior\BuildLiteBehavior [ RunTime:0.000008s ]
INFO: [ app_init ] --END-- [ RunTime:0.000241s ]

[ 2016-12-13T00:35:28+08:00 ] 127.0.0.1 /taa/index.php/Home/index
INFO: [ app_init ] --START--
INFO: Run Behavior\BuildLiteBehavior [ RunTime:0.000010s ]
INFO: [ app_init ] --END-- [ RunTime:0.000257s ]

[ 2016-12-13T00:36:19+08:00 ] 127.0.0.1 /taa/index.php/Home/index
INFO: [ app_init ] --START--
INFO: Run Behavior\BuildLiteBehavior [ RunTime:0.000008s ]
INFO: [ app_init ] --END-- [ RunTime:0.000171s ]

[ 2016-12-13T00:37:56+08:00 ] 127.0.0.1 /taa/index.php/Home/index
INFO: [ app_init ] --START--
INFO: Run Behavior\BuildLiteBehavior [ RunTime:0.000011s ]
INFO: [ app_init ] --END-- [ RunTime:0.000305s ]

[ 2016-12-13T00:38:09+08:00 ] 127.0.0.1 /taa/index.php/Home/index
INFO: [ app_init ] --START--
INFO: Run Behavior\BuildLiteBehavior [ RunTime:0.000008s ]
INFO: [ app_init ] --END-- [ RunTime:0.000180s ]

[ 2016-12-13T00:40:19+08:00 ] 127.0.0.1 /taa/index.php/Home/index
INFO: [ app_init ] --START--
INFO: Run Behavior\BuildLiteBehavior [ RunTime:0.000011s ]
INFO: [ app_init ] --END-- [ RunTime:0.000423s ]

[ 2016-12-13T00:49:25+08:00 ] 127.0.0.1 /taa/index.php/Home/index
INFO: [ app_init ] --START--
INFO: Run Behavior\BuildLiteBehavior [ RunTime:0.000014s ]
INFO: [ app_init ] --END-- [ RunTime:0.000547s ]

[ 2016-12-13T00:49:27+08:00 ] 127.0.0.1 /taa/index.php/Home/index
INFO: [ app_init ] --START--
INFO: Run Behavior\BuildLiteBehavior [ RunTime:0.000008s ]
INFO: [ app_init ] --END-- [ RunTime:0.000171s ]

[ 2016-12-13T00:49:47+08:00 ] 127.0.0.1 /taa/index.php/Home/index
INFO: [ app_init ] --START--
INFO: Run Behavior\BuildLiteBehavior [ RunTime:0.000008s ]
INFO: [ app_init ] --END-- [ RunTime:0.000177s ]

[ 2016-12-13T00:54:27+08:00 ] 127.0.0.1 /taa/index.php/Home/user/test
INFO: [ app_init ] --START--
INFO: Run Behavior\BuildLiteBehavior [ RunTime:0.000007s ]
INFO: [ app_init ] --END-- [ RunTime:0.000180s ]

[ 2016-12-13T00:54:38+08:00 ] 127.0.0.1 /taa/
INFO: [ app_init ] --START--
INFO: Run Behavior\BuildLiteBehavior [ RunTime:0.000009s ]
INFO: [ app_init ] --END-- [ RunTime:0.000177s ]

[ 2016-12-13T00:56:09+08:00 ] 127.0.0.1 /taa/
INFO: [ app_init ] --START--
INFO: Run Behavior\BuildLiteBehavior [ RunTime:0.000013s ]
INFO: [ app_init ] --END-- [ RunTime:0.000472s ]

[ 2016-12-13T00:56:16+08:00 ] 127.0.0.1 /taa/
INFO: [ app_init ] --START--
INFO: Run Behavior\BuildLiteBehavior [ RunTime:0.000009s ]
INFO: [ app_init ] --END-- [ RunTime:0.000176s ]

[ 2016-12-13T00:59:17+08:00 ] 127.0.0.1 /taa/
INFO: [ app_init ] --START--
INFO: Run Behavior\BuildLiteBehavior [ RunTime:0.000017s ]
INFO: [ app_init ] --END-- [ RunTime:0.000316s ]

[ 2016-12-13T00:59:29+08:00 ] 127.0.0.1 /taa/
INFO: [ app_init ] --START--
INFO: Run Behavior\BuildLiteBehavior [ RunTime:0.000010s ]
INFO: [ app_init ] --END-- [ RunTime:0.000181s ]

[ 2016-12-13T00:59:38+08:00 ] 127.0.0.1 /taa/
INFO: [ app_init ] --START--
INFO: Run Behavior\BuildLiteBehavior [ RunTime:0.000013s ]
INFO: [ app_init ] --END-- [ RunTime:0.000330s ]

[ 2016-12-13T00:59:39+08:00 ] 127.0.0.1 /taa/
INFO: [ app_init ] --START--
INFO: Run Behavior\BuildLiteBehavior [ RunTime:0.000014s ]
INFO: [ app_init ] --END-- [ RunTime:0.000313s ]

[ 2016-12-13T01:01:09+08:00 ] 127.0.0.1 /taa/
INFO: [ app_init ] --START--
INFO: Run Behavior\BuildLiteBehavior [ RunTime:0.000009s ]
INFO: [ app_init ] --END-- [ RunTime:0.000197s ]

[ 2016-12-13T02:23:09+08:00 ] 127.0.0.1 /taa/
INFO: [ app_init ] --START--
INFO: Run Behavior\BuildLiteBehavior [ RunTime:0.000020s ]
INFO: [ app_init ] --END-- [ RunTime:0.001427s ]

[ 2016-12-13T02:23:24+08:00 ] 127.0.0.1 /taa/
INFO: [ app_init ] --START--
INFO: Run Behavior\BuildLiteBehavior [ RunTime:0.000010s ]
INFO: [ app_init ] --END-- [ RunTime:0.000344s ]

[ 2016-12-13T02:23:26+08:00 ] 127.0.0.1 /taa/
INFO: [ app_init ] --START--
INFO: Run Behavior\BuildLiteBehavior [ RunTime:0.000010s ]
INFO: [ app_init ] --END-- [ RunTime:0.000264s ]

[ 2016-12-13T02:23:53+08:00 ] 127.0.0.1 /taa/
INFO: [ app_init ] --START--
INFO: Run Behavior\BuildLiteBehavior [ RunTime:0.000012s ]
INFO: [ app_init ] --END-- [ RunTime:0.000315s ]

[ 2016-12-13T02:24:08+08:00 ] 127.0.0.1 /taa/
INFO: [ app_init ] --START--
INFO: Run Behavior\BuildLiteBehavior [ RunTime:0.000010s ]
INFO: [ app_init ] --END-- [ RunTime:0.000335s ]

[ 2016-12-13T02:27:28+08:00 ] 127.0.0.1 /taa/
INFO: [ app_init ] --START--
INFO: Run Behavior\BuildLiteBehavior [ RunTime:0.000008s ]
INFO: [ app_init ] --END-- [ RunTime:0.000173s ]

[ 2016-12-13T02:28:22+08:00 ] 127.0.0.1 /taa/
INFO: [ app_init ] --START--
INFO: Run Behavior\BuildLiteBehavior [ RunTime:0.000011s ]
INFO: [ app_init ] --END-- [ RunTime:0.000313s ]

[ 2016-12-13T02:29:36+08:00 ] 127.0.0.1 /taa/
INFO: [ app_init ] --START--
INFO: Run Behavior\BuildLiteBehavior [ RunTime:0.000009s ]
INFO: [ app_init ] --END-- [ RunTime:0.000186s ]

[ 2016-12-13T02:32:59+08:00 ] 127.0.0.1 /taa/
INFO: [ app_init ] --START--
INFO: Run Behavior\BuildLiteBehavior [ RunTime:0.000010s ]
INFO: [ app_init ] --END-- [ RunTime:0.000214s ]

[ 2016-12-13T02:33:48+08:00 ] 127.0.0.1 /taa/
INFO: [ app_init ] --START--
INFO: Run Behavior\BuildLiteBehavior [ RunTime:0.000014s ]
INFO: [ app_init ] --END-- [ RunTime:0.000287s ]

[ 2016-12-13T02:34:52+08:00 ] 127.0.0.1 /taa/
INFO: [ app_init ] --START--
INFO: Run Behavior\BuildLiteBehavior [ RunTime:0.000009s ]
INFO: [ app_init ] --END-- [ RunTime:0.000178s ]

[ 2016-12-13T02:38:57+08:00 ] 127.0.0.1 /taa/
INFO: [ app_init ] --START--
INFO: Run Behavior\BuildLiteBehavior [ RunTime:0.000014s ]
INFO: [ app_init ] --END-- [ RunTime:0.000488s ]

[ 2016-12-13T02:39:09+08:00 ] 127.0.0.1 /taa/
INFO: [ app_init ] --START--
INFO: Run Behavior\BuildLiteBehavior [ RunTime:0.000007s ]
INFO: [ app_init ] --END-- [ RunTime:0.000169s ]

[ 2016-12-13T02:39:54+08:00 ] 127.0.0.1 /taa/
INFO: [ app_init ] --START--
INFO: Run Behavior\BuildLiteBehavior [ RunTime:0.000011s ]
INFO: [ app_init ] --END-- [ RunTime:0.000321s ]

[ 2016-12-13T02:43:32+08:00 ] 127.0.0.1 /taa/index.php/Home/user
INFO: [ app_init ] --START--
INFO: Run Behavior\BuildLiteBehavior [ RunTime:0.000012s ]
INFO: [ app_init ] --END-- [ RunTime:0.000559s ]

[ 2016-12-13T02:44:01+08:00 ] 127.0.0.1 /taa/index.php/Home/user
INFO: [ app_init ] --START--
INFO: Run Behavior\BuildLiteBehavior [ RunTime:0.000008s ]
INFO: [ app_init ] --END-- [ RunTime:0.000170s ]

[ 2016-12-13T02:52:04+08:00 ] 127.0.0.1 /taa/index.php/Home/user
INFO: [ app_init ] --START--
INFO: Run Behavior\BuildLiteBehavior [ RunTime:0.000010s ]
INFO: [ app_init ] --END-- [ RunTime:0.000526s ]

[ 2016-12-13T02:52:07+08:00 ] 127.0.0.1 /taa/index.php/Home/Sign/index
INFO: [ app_init ] --START--
INFO: Run Behavior\BuildLiteBehavior [ RunTime:0.000008s ]
INFO: [ app_init ] --END-- [ RunTime:0.000170s ]

[ 2016-12-13T02:57:44+08:00 ] 127.0.0.1 /taa/index.php/Home/Sign/sign_in
INFO: [ app_init ] --START--
INFO: Run Behavior\BuildLiteBehavior [ RunTime:0.000013s ]
INFO: [ app_init ] --END-- [ RunTime:0.000523s ]

[ 2016-12-13T03:01:23+08:00 ] 127.0.0.1 /taa/index.php/Home/Sign/sign_in
INFO: [ app_init ] --START--
INFO: Run Behavior\BuildLiteBehavior [ RunTime:0.000008s ]
INFO: [ app_init ] --END-- [ RunTime:0.000173s ]

[ 2016-12-13T03:01:23+08:00 ] 127.0.0.1 /taa/index.php/Home/Sign/Public/css/style.css
INFO: [ app_init ] --START--
INFO: Run Behavior\BuildLiteBehavior [ RunTime:0.000014s ]
INFO: [ app_init ] --END-- [ RunTime:0.000302s ]
ERR: 非法操作:Public

[ 2016-12-13T03:01:30+08:00 ] 127.0.0.1 /taa/index.php/Home/Sign/Public/css/style.css
INFO: [ app_init ] --START--
INFO: Run Behavior\BuildLiteBehavior [ RunTime:0.000053s ]
INFO: [ app_init ] --END-- [ RunTime:0.004297s ]
ERR: 非法操作:Public

[ 2016-12-13T03:03:04+08:00 ] 127.0.0.1 /taa/index.php/Home/Sign/sign_in
INFO: [ app_init ] --START--
INFO: Run Behavior\BuildLiteBehavior [ RunTime:0.000015s ]
INFO: [ app_init ] --END-- [ RunTime:0.000324s ]

[ 2016-12-13T03:03:04+08:00 ] 127.0.0.1 /taa/index.php/Home/Sign/Public/css/style.css
INFO: [ app_init ] --START--
INFO: Run Behavior\BuildLiteBehavior [ RunTime:0.000014s ]
INFO: [ app_init ] --END-- [ RunTime:0.000337s ]
ERR: 非法操作:Public

[ 2016-12-13T03:03:58+08:00 ] 127.0.0.1 /taa/index.php/Home/Sign/sign_in
INFO: [ app_init ] --START--
INFO: Run Behavior\BuildLiteBehavior [ RunTime:0.000008s ]
INFO: [ app_init ] --END-- [ RunTime:0.000176s ]

[ 2016-12-13T03:07:46+08:00 ] 127.0.0.1 /taa/index.php/Home/Sign/sign_in
INFO: [ app_init ] --START--
INFO: Run Behavior\BuildLiteBehavior [ RunTime:0.000010s ]
INFO: [ app_init ] --END-- [ RunTime:0.000424s ]

[ 2016-12-13T03:07:46+08:00 ] 127.0.0.1 /taa/index.php/Home/Sign/Public/css/style.css
INFO: [ app_init ] --START--
INFO: Run Behavior\BuildLiteBehavior [ RunTime:0.000026s ]
INFO: [ app_init ] --END-- [ RunTime:0.000789s ]
ERR: 非法操作:Public

[ 2016-12-13T03:08:18+08:00 ] 127.0.0.1 /taa/index.php/Home/Sign/sign_in
INFO: [ app_init ] --START--
INFO: Run Behavior\BuildLiteBehavior [ RunTime:0.000009s ]
INFO: [ app_init ] --END-- [ RunTime:0.000201s ]

[ 2016-12-13T03:09:04+08:00 ] 127.0.0.1 /taa/index.php/Home/Sign/sign_in
INFO: [ app_init ] --START--
INFO: Run Behavior\BuildLiteBehavior [ RunTime:0.000007s ]
INFO: [ app_init ] --END-- [ RunTime:0.000168s ]

[ 2016-12-13T03:09:05+08:00 ] 127.0.0.1 /taa/index.php/Home/Sign/Sign/signin
INFO: [ app_init ] --START--
INFO: Run Behavior\BuildLiteBehavior [ RunTime:0.000010s ]
INFO: [ app_init ] --END-- [ RunTime:0.000274s ]
ERR: 非法操作:Sign

[ 2016-12-13T03:09:19+08:00 ] 127.0.0.1 /taa/index.php/Home/Sign/sign_in
INFO: [ app_init ] --START--
INFO: Run Behavior\BuildLiteBehavior [ RunTime:0.000008s ]
INFO: [ app_init ] --END-- [ RunTime:0.000173s ]

[ 2016-12-13T03:09:21+08:00 ] 127.0.0.1 /taa/index.php/Home/Sign/signin
INFO: [ app_init ] --START--
INFO: Run Behavior\BuildLiteBehavior [ RunTime:0.000009s ]
INFO: [ app_init ] --END-- [ RunTime:0.000188s ]
ERR: 非法操作:signin

[ 2016-12-13T03:10:35+08:00 ] 127.0.0.1 /taa/index.php/Home/Sign/signin
INFO: [ app_init ] --START--
INFO: Run Behavior\BuildLiteBehavior [ RunTime:0.000008s ]
INFO: [ app_init ] --END-- [ RunTime:0.000185s ]
ERR: 模板不存在:./Application/Home/View/Sign/sign_in.html.html

[ 2016-12-13T03:10:45+08:00 ] 127.0.0.1 /taa/index.php/Home/Sign/signin
INFO: [ app_init ] --START--
INFO: Run Behavior\BuildLiteBehavior [ RunTime:0.000008s ]
INFO: [ app_init ] --END-- [ RunTime:0.000173s ]

[ 2016-12-13T03:24:13+08:00 ] 127.0.0.1 /taa/index.php/Home/Sign/
INFO: [ app_init ] --START--
INFO: Run Behavior\BuildLiteBehavior [ RunTime:0.000010s ]
INFO: [ app_init ] --END-- [ RunTime:0.000430s ]

[ 2016-12-13T03:24:17+08:00 ] 127.0.0.1 /taa/index.php/Home/Sign/sign
INFO: [ app_init ] --START--
INFO: Run Behavior\BuildLiteBehavior [ RunTime:0.000009s ]
INFO: [ app_init ] --END-- [ RunTime:0.000172s ]
ERR: 非法操作:sign

[ 2016-12-13T03:24:22+08:00 ] 127.0.0.1 /taa/index.php/Home/Sign/signin
INFO: [ app_init ] --START--
INFO: Run Behavior\BuildLiteBehavior [ RunTime:0.000007s ]
INFO: [ app_init ] --END-- [ RunTime:0.000167s ]

[ 2016-12-13T03:24:30+08:00 ] 127.0.0.1 /taa/index.php/Home/Sign/dosignin
INFO: [ app_init ] --START--
INFO: Run Behavior\BuildLiteBehavior [ RunTime:0.000011s ]
INFO: [ app_init ] --END-- [ RunTime:0.000398s ]

[ 2016-12-13T03:24:31+08:00 ] 127.0.0.1 /taa/index.php/Home/Sign/User
INFO: [ app_init ] --START--
INFO: Run Behavior\BuildLiteBehavior [ RunTime:0.000009s ]
INFO: [ app_init ] --END-- [ RunTime:0.000171s ]
ERR: 非法操作:User

[ 2016-12-13T03:25:13+08:00 ] 127.0.0.1 /taa/index.php/Home/Sign/User
INFO: [ app_init ] --START--
INFO: Run Behavior\BuildLiteBehavior [ RunTime:0.000008s ]
INFO: [ app_init ] --END-- [ RunTime:0.000177s ]
ERR: 非法操作:User

[ 2016-12-13T03:25:17+08:00 ] 127.0.0.1 /taa/index.php/Home/Sign/signin
INFO: [ app_init ] --START--
INFO: Run Behavior\BuildLiteBehavior [ RunTime:0.000009s ]
INFO: [ app_init ] --END-- [ RunTime:0.000204s ]

[ 2016-12-13T03:25:23+08:00 ] 127.0.0.1 /taa/index.php/Home/Sign/dosignin
INFO: [ app_init ] --START--
INFO: Run Behavior\BuildLiteBehavior [ RunTime:0.000015s ]
INFO: [ app_init ] --END-- [ RunTime:0.000265s ]

[ 2016-12-13T03:25:33+08:00 ] 127.0.0.1 /taa/index.php/Home/Sign/dosignin
INFO: [ app_init ] --START--
INFO: Run Behavior\BuildLiteBehavior [ RunTime:0.000013s ]
INFO: [ app_init ] --END-- [ RunTime:0.000256s ]

[ 2016-12-13T03:25:34+08:00 ] 127.0.0.1 /taa/index.php/Home/Sign/User/index
INFO: [ app_init ] --START--
INFO: Run Behavior\BuildLiteBehavior [ RunTime:0.000031s ]
INFO: [ app_init ] --END-- [ RunTime:0.000300s ]
ERR: 非法操作:User

[ 2016-12-13T03:26:09+08:00 ] 127.0.0.1 /taa/index.php/Home/Sign/User/index
INFO: [ app_init ] --START--
INFO: Run Behavior\BuildLiteBehavior [ RunTime:0.000008s ]
INFO: [ app_init ] --END-- [ RunTime:0.000175s ]
ERR: 非法操作:User

[ 2016-12-13T03:26:34+08:00 ] 127.0.0.1 /taa/index.php/Home/Sign/signin
INFO: [ app_init ] --START--
INFO: Run Behavior\BuildLiteBehavior [ RunTime:0.000011s ]
INFO: [ app_init ] --END-- [ RunTime:0.000287s ]

[ 2016-12-13T03:26:38+08:00 ] 127.0.0.1 /taa/index.php/Home/Sign/dosignin
INFO: [ app_init ] --START--
INFO: Run Behavior\BuildLiteBehavior [ RunTime:0.000009s ]
INFO: [ app_init ] --END-- [ RunTime:0.000212s ]

[ 2016-12-13T03:26:55+08:00 ] 127.0.0.1 /taa/index.php/Home/Sign/dosignin
INFO: [ app_init ] --START--
INFO: Run Behavior\BuildLiteBehavior [ RunTime:0.000009s ]
INFO: [ app_init ] --END-- [ RunTime:0.000199s ]

[ 2016-12-13T03:28:36+08:00 ] 127.0.0.1 /taa/index.php/Home/Sign/dosignin
INFO: [ app_init ] --START--
INFO: Run Behavior\BuildLiteBehavior [ RunTime:0.000011s ]
INFO: [ app_init ] --END-- [ RunTime:0.000395s ]
ERR: 1064:You have an error in your SQL syntax; check the manual that corresponds to your MySQL server version for the right syntax to use near ') LIMIT 1' at line 1
 [ SQL语句 ] : SELECT * FROM `user` WHERE `user_name` = null AND `password` = 'root123' AND (  ) LIMIT 1  

[ 2016-12-13T03:28:58+08:00 ] 127.0.0.1 /taa/index.php/Home/Sign/dosignin
INFO: [ app_init ] --START--
INFO: Run Behavior\BuildLiteBehavior [ RunTime:0.000015s ]
INFO: [ app_init ] --END-- [ RunTime:0.000264s ]

[ 2016-12-13T03:29:04+08:00 ] 127.0.0.1 /taa/index.php/Home/Sign/
INFO: [ app_init ] --START--
INFO: Run Behavior\BuildLiteBehavior [ RunTime:0.000007s ]
INFO: [ app_init ] --END-- [ RunTime:0.000167s ]

[ 2016-12-13T03:29:09+08:00 ] 127.0.0.1 /taa/index.php/Home/Sign/sigin
INFO: [ app_init ] --START--
INFO: Run Behavior\BuildLiteBehavior [ RunTime:0.000008s ]
INFO: [ app_init ] --END-- [ RunTime:0.000171s ]
ERR: 非法操作:sigin

[ 2016-12-13T03:29:14+08:00 ] 127.0.0.1 /taa/index.php/Home/Sign/signin
INFO: [ app_init ] --START--
INFO: Run Behavior\BuildLiteBehavior [ RunTime:0.000008s ]
INFO: [ app_init ] --END-- [ RunTime:0.000170s ]

[ 2016-12-13T03:29:22+08:00 ] 127.0.0.1 /taa/index.php/Home/Sign/dosignin
INFO: [ app_init ] --START--
INFO: Run Behavior\BuildLiteBehavior [ RunTime:0.000008s ]
INFO: [ app_init ] --END-- [ RunTime:0.000170s ]

[ 2016-12-13T03:29:50+08:00 ] 127.0.0.1 /taa/index.php/Home/Sign/dosignin
INFO: [ app_init ] --START--
INFO: Run Behavior\BuildLiteBehavior [ RunTime:0.000010s ]
INFO: [ app_init ] --END-- [ RunTime:0.000346s ]

[ 2016-12-13T03:30:07+08:00 ] 127.0.0.1 /taa/index.php/Home/Sign/dosignin
INFO: [ app_init ] --START--
INFO: Run Behavior\BuildLiteBehavior [ RunTime:0.000009s ]
INFO: [ app_init ] --END-- [ RunTime:0.000176s ]

[ 2016-12-13T03:30:12+08:00 ] 127.0.0.1 /taa/index.php/Home/Sign/dosignin
INFO: [ app_init ] --START--
INFO: Run Behavior\BuildLiteBehavior [ RunTime:0.000042s ]
INFO: [ app_init ] --END-- [ RunTime:0.000401s ]

[ 2016-12-13T03:30:49+08:00 ] 127.0.0.1 /taa/index.php/Home/Sign/dosignin
INFO: [ app_init ] --START--
INFO: Run Behavior\BuildLiteBehavior [ RunTime:0.000008s ]
INFO: [ app_init ] --END-- [ RunTime:0.000168s ]

[ 2016-12-13T03:31:03+08:00 ] 127.0.0.1 /taa/index.php/Home/Sign/dosignin
INFO: [ app_init ] --START--
INFO: Run Behavior\BuildLiteBehavior [ RunTime:0.000009s ]
INFO: [ app_init ] --END-- [ RunTime:0.000177s ]

[ 2016-12-13T03:34:26+08:00 ] 127.0.0.1 /taa/index.php/Home/Sign/signin
INFO: [ app_init ] --START--
INFO: Run Behavior\BuildLiteBehavior [ RunTime:0.000013s ]
INFO: [ app_init ] --END-- [ RunTime:0.000394s ]

[ 2016-12-13T03:34:29+08:00 ] 127.0.0.1 /taa/index.php/Home/Sign/dosignin
INFO: [ app_init ] --START--
INFO: Run Behavior\BuildLiteBehavior [ RunTime:0.000007s ]
INFO: [ app_init ] --END-- [ RunTime:0.000169s ]

[ 2016-12-13T03:34:30+08:00 ] 127.0.0.1 /taa/index.php/Home/Sign/User/index
INFO: [ app_init ] --START--
INFO: Run Behavior\BuildLiteBehavior [ RunTime:0.000033s ]
INFO: [ app_init ] --END-- [ RunTime:0.000209s ]
ERR: 非法操作:User

[ 2016-12-13T03:40:25+08:00 ] 127.0.0.1 /taa/index.php/Home/Sign/dosignin
INFO: [ app_init ] --START--
INFO: Run Behavior\BuildLiteBehavior [ RunTime:0.000015s ]
INFO: [ app_init ] --END-- [ RunTime:0.000421s ]

[ 2016-12-13T03:40:27+08:00 ] 127.0.0.1 /taa/index.php/Home/Sign/User/index
INFO: [ app_init ] --START--
INFO: Run Behavior\BuildLiteBehavior [ RunTime:0.000016s ]
INFO: [ app_init ] --END-- [ RunTime:0.000254s ]
ERR: 非法操作:User

[ 2016-12-13T03:40:51+08:00 ] 127.0.0.1 /taa/index.php/Home/Sign/dosignin
INFO: [ app_init ] --START--
INFO: Run Behavior\BuildLiteBehavior [ RunTime:0.000009s ]
INFO: [ app_init ] --END-- [ RunTime:0.000188s ]

[ 2016-12-13T03:44:58+08:00 ] 127.0.0.1 /taa/index.php/Home/Sign/dosignin
INFO: [ app_init ] --START--
INFO: Run Behavior\BuildLiteBehavior [ RunTime:0.000011s ]
INFO: [ app_init ] --END-- [ RunTime:0.000194s ]

[ 2016-12-13T03:45:32+08:00 ] 127.0.0.1 /taa/index.php/Home/Sign/dosignin
INFO: [ app_init ] --START--
INFO: Run Behavior\BuildLiteBehavior [ RunTime:0.000013s ]
INFO: [ app_init ] --END-- [ RunTime:0.000265s ]

[ 2016-12-13T03:45:35+08:00 ] 127.0.0.1 /taa/index.php/Home/User/index.html
INFO: [ app_init ] --START--
INFO: Run Behavior\BuildLiteBehavior [ RunTime:0.000008s ]
INFO: [ app_init ] --END-- [ RunTime:0.000173s ]

[ 2016-12-13T03:45:38+08:00 ] 127.0.0.1 /taa/index.php/Home/User/Sign/index
INFO: [ app_init ] --START--
INFO: Run Behavior\BuildLiteBehavior [ RunTime:0.000008s ]
INFO: [ app_init ] --END-- [ RunTime:0.000186s ]

[ 2016-12-13T03:45:41+08:00 ] 127.0.0.1 /taa/index.php/Home/User/Sign/Sign/index
INFO: [ app_init ] --START--
INFO: Run Behavior\BuildLiteBehavior [ RunTime:0.000008s ]
INFO: [ app_init ] --END-- [ RunTime:0.000179s ]

[ 2016-12-13T03:45:44+08:00 ] 127.0.0.1 /taa/index.php/Home/User/Sign/Sign/Sign/index
INFO: [ app_init ] --START--
INFO: Run Behavior\BuildLiteBehavior [ RunTime:0.000008s ]
INFO: [ app_init ] --END-- [ RunTime:0.000171s ]

[ 2016-12-13T03:45:47+08:00 ] 127.0.0.1 /taa/index.php/Home/User/Sign/Sign/Sign/Sign/index
INFO: [ app_init ] --START--
INFO: Run Behavior\BuildLiteBehavior [ RunTime:0.000007s ]
INFO: [ app_init ] --END-- [ RunTime:0.000168s ]

[ 2016-12-13T03:45:50+08:00 ] 127.0.0.1 /taa/index.php/Home/User/Sign/Sign/Sign/Sign/Sign/index
INFO: [ app_init ] --START--
INFO: Run Behavior\BuildLiteBehavior [ RunTime:0.000008s ]
INFO: [ app_init ] --END-- [ RunTime:0.000191s ]

[ 2016-12-13T03:45:53+08:00 ] 127.0.0.1 /taa/index.php/Home/User/Sign/Sign/Sign/Sign/Sign/Sign/index
INFO: [ app_init ] --START--
INFO: Run Behavior\BuildLiteBehavior [ RunTime:0.000009s ]
INFO: [ app_init ] --END-- [ RunTime:0.000182s ]

[ 2016-12-13T03:45:56+08:00 ] 127.0.0.1 /taa/index.php/Home/User/Sign/Sign/Sign/Sign/Sign/Sign/Sign/index
INFO: [ app_init ] --START--
INFO: Run Behavior\BuildLiteBehavior [ RunTime:0.000011s ]
INFO: [ app_init ] --END-- [ RunTime:0.000195s ]

[ 2016-12-13T03:46:00+08:00 ] 127.0.0.1 /taa/index.php/Home/User/Sign/Sign/Sign/Sign/Sign/Sign/Sign/Sign/index
INFO: [ app_init ] --START--
INFO: Run Behavior\BuildLiteBehavior [ RunTime:0.000012s ]
INFO: [ app_init ] --END-- [ RunTime:0.000264s ]

[ 2016-12-13T03:46:05+08:00 ] 127.0.0.1 /taa/index.php/Home/User/Sign/Sign/Sign/Sign/Sign/Sign/Sign/Sign/Sign/index
INFO: [ app_init ] --START--
INFO: Run Behavior\BuildLiteBehavior [ RunTime:0.000011s ]
INFO: [ app_init ] --END-- [ RunTime:0.000198s ]

[ 2016-12-13T03:46:10+08:00 ] 127.0.0.1 /taa/index.php/Home/User/Sign/Sign/Sign/Sign/Sign/Sign/Sign/Sign/Sign/Sign/index
INFO: [ app_init ] --START--
INFO: Run Behavior\BuildLiteBehavior [ RunTime:0.000008s ]
INFO: [ app_init ] --END-- [ RunTime:0.000185s ]

[ 2016-12-13T03:46:14+08:00 ] 127.0.0.1 /taa/index.php/Home/User/Sign/Sign/Sign/Sign/Sign/Sign/Sign/Sign/Sign/Sign/Sign/index
INFO: [ app_init ] --START--
INFO: Run Behavior\BuildLiteBehavior [ RunTime:0.000007s ]
INFO: [ app_init ] --END-- [ RunTime:0.000169s ]

[ 2016-12-13T03:46:18+08:00 ] 127.0.0.1 /taa/index.php/Home/User/Sign/Sign/Sign/Sign/Sign/Sign/Sign/Sign/Sign/Sign/Sign/Sign/index
INFO: [ app_init ] --START--
INFO: Run Behavior\BuildLiteBehavior [ RunTime:0.000018s ]
INFO: [ app_init ] --END-- [ RunTime:0.000672s ]

[ 2016-12-13T03:51:02+08:00 ] 127.0.0.1 /taa/
INFO: [ app_init ] --START--
INFO: Run Behavior\BuildLiteBehavior [ RunTime:0.000009s ]
INFO: [ app_init ] --END-- [ RunTime:0.000180s ]

[ 2016-12-13T03:53:50+08:00 ] 127.0.0.1 /taa/
INFO: [ app_init ] --START--
INFO: Run Behavior\BuildLiteBehavior [ RunTime:0.000008s ]
INFO: [ app_init ] --END-- [ RunTime:0.000169s ]

[ 2016-12-13T03:54:53+08:00 ] 127.0.0.1 /taa/
INFO: [ app_init ] --START--
INFO: Run Behavior\BuildLiteBehavior [ RunTime:0.000009s ]
INFO: [ app_init ] --END-- [ RunTime:0.000179s ]

[ 2016-12-13T03:55:20+08:00 ] 127.0.0.1 /taa/
INFO: [ app_init ] --START--
INFO: Run Behavior\BuildLiteBehavior [ RunTime:0.000007s ]
INFO: [ app_init ] --END-- [ RunTime:0.000169s ]

[ 2016-12-13T03:55:36+08:00 ] 127.0.0.1 /taa/
INFO: [ app_init ] --START--
INFO: Run Behavior\BuildLiteBehavior [ RunTime:0.000022s ]
INFO: [ app_init ] --END-- [ RunTime:0.000234s ]

[ 2016-12-13T03:55:42+08:00 ] 127.0.0.1 /taa/index.php/Home/Index
INFO: [ app_init ] --START--
INFO: Run Behavior\BuildLiteBehavior [ RunTime:0.000008s ]
INFO: [ app_init ] --END-- [ RunTime:0.000173s ]

[ 2016-12-13T03:55:42+08:00 ] 127.0.0.1 /taa/index.php/Home/Public/css/slide/style.css
INFO: [ app_init ] --START--
INFO: Run Behavior\BuildLiteBehavior [ RunTime:0.000014s ]
INFO: [ app_init ] --END-- [ RunTime:0.000262s ]
ERR: 无法加载控制器:Public

[ 2016-12-13T03:55:42+08:00 ] 127.0.0.1 /taa/index.php/Home/Public/css/slide/reset.css
INFO: [ app_init ] --START--
INFO: Run Behavior\BuildLiteBehavior [ RunTime:0.000013s ]
INFO: [ app_init ] --END-- [ RunTime:0.001152s ]
ERR: 无法加载控制器:Public

[ 2016-12-13T03:55:42+08:00 ] 127.0.0.1 /taa/index.php/Home/Public/js/jquery-2.1.1.min.js
INFO: [ app_init ] --START--
INFO: Run Behavior\BuildLiteBehavior [ RunTime:0.000008s ]
INFO: [ app_init ] --END-- [ RunTime:0.000182s ]
ERR: 无法加载控制器:Public

[ 2016-12-13T03:55:42+08:00 ] 127.0.0.1 /taa/index.php/Home/Public/img/2.jpg
INFO: [ app_init ] --START--
INFO: Run Behavior\BuildLiteBehavior [ RunTime:0.000015s ]
INFO: [ app_init ] --END-- [ RunTime:0.000299s ]

[ 2016-12-13T03:55:42+08:00 ] 127.0.0.1 /taa/index.php/Home/Public/img/3.jpg
INFO: [ app_init ] --START--
INFO: Run Behavior\BuildLiteBehavior [ RunTime:0.000013s ]
INFO: [ app_init ] --END-- [ RunTime:0.000272s ]

[ 2016-12-13T03:55:42+08:00 ] 127.0.0.1 /taa/index.php/Home/Public/img/4.jpg
INFO: [ app_init ] --START--
INFO: Run Behavior\BuildLiteBehavior [ RunTime:0.000012s ]
INFO: [ app_init ] --END-- [ RunTime:0.000276s ]

[ 2016-12-13T03:55:42+08:00 ] 127.0.0.1 /taa/index.php/Home/Public/img/prev.png
INFO: [ app_init ] --START--
INFO: Run Behavior\BuildLiteBehavior [ RunTime:0.000014s ]
INFO: [ app_init ] --END-- [ RunTime:0.000304s ]

[ 2016-12-13T03:55:42+08:00 ] 127.0.0.1 /taa/index.php/Home/Public/img/1.jpg
INFO: [ app_init ] --START--
INFO: Run Behavior\BuildLiteBehavior [ RunTime:0.000015s ]
INFO: [ app_init ] --END-- [ RunTime:0.007153s ]

[ 2016-12-13T03:55:42+08:00 ] 127.0.0.1 /taa/index.php/Home/Public/img/next.png
INFO: [ app_init ] --START--
INFO: Run Behavior\BuildLiteBehavior [ RunTime:0.000013s ]
INFO: [ app_init ] --END-- [ RunTime:0.000279s ]

[ 2016-12-13T03:55:42+08:00 ] 127.0.0.1 /taa/index.php/Home/Public/js/slide/easySlider.js
INFO: [ app_init ] --START--
INFO: Run Behavior\BuildLiteBehavior [ RunTime:0.000012s ]
INFO: [ app_init ] --END-- [ RunTime:0.000271s ]
ERR: 无法加载控制器:Public

[ 2016-12-13T03:55:44+08:00 ] 127.0.0.1 /taa/index.php/Home/Index
INFO: [ app_init ] --START--
INFO: Run Behavior\BuildLiteBehavior [ RunTime:0.000010s ]
INFO: [ app_init ] --END-- [ RunTime:0.000190s ]

[ 2016-12-13T03:55:44+08:00 ] 127.0.0.1 /taa/index.php/Home/Public/css/slide/reset.css
INFO: [ app_init ] --START--
INFO: Run Behavior\BuildLiteBehavior [ RunTime:0.000080s ]
INFO: [ app_init ] --END-- [ RunTime:0.000516s ]
ERR: 无法加载控制器:Public

[ 2016-12-13T03:55:44+08:00 ] 127.0.0.1 /taa/index.php/Home/Public/css/slide/style.css
INFO: [ app_init ] --START--
INFO: Run Behavior\BuildLiteBehavior [ RunTime:0.000014s ]
INFO: [ app_init ] --END-- [ RunTime:0.000314s ]
ERR: 无法加载控制器:Public

[ 2016-12-13T03:55:44+08:00 ] 127.0.0.1 /taa/index.php/Home/Public/js/jquery-2.1.1.min.js
INFO: [ app_init ] --START--
INFO: Run Behavior\BuildLiteBehavior [ RunTime:0.000015s ]
INFO: [ app_init ] --END-- [ RunTime:0.000320s ]
ERR: 无法加载控制器:Public

[ 2016-12-13T03:55:44+08:00 ] 127.0.0.1 /taa/index.php/Home/Public/img/2.jpg
INFO: [ app_init ] --START--
INFO: Run Behavior\BuildLiteBehavior [ RunTime:0.000028s ]
INFO: [ app_init ] --END-- [ RunTime:0.000299s ]

[ 2016-12-13T03:55:44+08:00 ] 127.0.0.1 /taa/index.php/Home/Public/img/3.jpg
INFO: [ app_init ] --START--
INFO: Run Behavior\BuildLiteBehavior [ RunTime:0.000012s ]
INFO: [ app_init ] --END-- [ RunTime:0.000270s ]

[ 2016-12-13T03:55:44+08:00 ] 127.0.0.1 /taa/index.php/Home/Public/img/1.jpg
INFO: [ app_init ] --START--
INFO: Run Behavior\BuildLiteBehavior [ RunTime:0.000012s ]
INFO: [ app_init ] --END-- [ RunTime:0.000281s ]

[ 2016-12-13T03:55:44+08:00 ] 127.0.0.1 /taa/index.php/Home/Public/img/4.jpg
INFO: [ app_init ] --START--
INFO: Run Behavior\BuildLiteBehavior [ RunTime:0.000012s ]
INFO: [ app_init ] --END-- [ RunTime:0.000277s ]

[ 2016-12-13T03:55:44+08:00 ] 127.0.0.1 /taa/index.php/Home/Public/img/prev.png
INFO: [ app_init ] --START--
INFO: Run Behavior\BuildLiteBehavior [ RunTime:0.000011s ]
INFO: [ app_init ] --END-- [ RunTime:0.000285s ]

[ 2016-12-13T03:55:44+08:00 ] 127.0.0.1 /taa/index.php/Home/Public/js/slide/easySlider.js
INFO: [ app_init ] --START--
INFO: Run Behavior\BuildLiteBehavior [ RunTime:0.000022s ]
INFO: [ app_init ] --END-- [ RunTime:0.001301s ]
ERR: 无法加载控制器:Public

[ 2016-12-13T03:55:44+08:00 ] 127.0.0.1 /taa/index.php/Home/Public/img/next.png
INFO: [ app_init ] --START--
INFO: Run Behavior\BuildLiteBehavior [ RunTime:0.000009s ]
INFO: [ app_init ] --END-- [ RunTime:0.000176s ]

[ 2016-12-13T03:55:44+08:00 ] 127.0.0.1 /taa/index.php/Home/Public/js/jquery-2.1.1.min.js
INFO: [ app_init ] --START--
INFO: Run Behavior\BuildLiteBehavior [ RunTime:0.000009s ]
INFO: [ app_init ] --END-- [ RunTime:0.000184s ]
ERR: 无法加载控制器:Public

[ 2016-12-13T03:55:44+08:00 ] 127.0.0.1 /taa/index.php/Home/Public/js/slide/easySlider.js
INFO: [ app_init ] --START--
INFO: Run Behavior\BuildLiteBehavior [ RunTime:0.000009s ]
INFO: [ app_init ] --END-- [ RunTime:0.000179s ]
ERR: 无法加载控制器:Public

[ 2016-12-13T03:55:52+08:00 ] 127.0.0.1 /taa/index.php/Home/Public/css/slide/reset.css
INFO: [ app_init ] --START--
INFO: Run Behavior\BuildLiteBehavior [ RunTime:0.000013s ]
INFO: [ app_init ] --END-- [ RunTime:0.000299s ]
ERR: 无法加载控制器:Public

[ 2016-12-13T03:55:52+08:00 ] 127.0.0.1 /taa/index.php/Home/Public/css/slide/style.css
INFO: [ app_init ] --START--
INFO: Run Behavior\BuildLiteBehavior [ RunTime:0.000011s ]
INFO: [ app_init ] --END-- [ RunTime:0.000297s ]
ERR: 无法加载控制器:Public

[ 2016-12-13T03:57:01+08:00 ] 127.0.0.1 /taa/
INFO: [ app_init ] --START--
INFO: Run Behavior\BuildLiteBehavior [ RunTime:0.000008s ]
INFO: [ app_init ] --END-- [ RunTime:0.000184s ]

[ 2016-12-13T03:57:28+08:00 ] 127.0.0.1 /taa/index.php/Home/Index
INFO: [ app_init ] --START--
INFO: Run Behavior\BuildLiteBehavior [ RunTime:0.000009s ]
INFO: [ app_init ] --END-- [ RunTime:0.000183s ]

[ 2016-12-13T03:57:28+08:00 ] 127.0.0.1 /taa/index.php/Home/Public/css/slide/style.css
INFO: [ app_init ] --START--
INFO: Run Behavior\BuildLiteBehavior [ RunTime:0.000018s ]
INFO: [ app_init ] --END-- [ RunTime:0.001487s ]
ERR: 无法加载控制器:Public

[ 2016-12-13T03:57:28+08:00 ] 127.0.0.1 /taa/index.php/Home/Public/css/slide/reset.css
INFO: [ app_init ] --START--
INFO: Run Behavior\BuildLiteBehavior [ RunTime:0.001796s ]
INFO: [ app_init ] --END-- [ RunTime:0.002099s ]
ERR: 无法加载控制器:Public

[ 2016-12-13T03:57:28+08:00 ] 127.0.0.1 /taa/index.php/Home/Public/js/jquery-2.1.1.min.js
INFO: [ app_init ] --START--
INFO: Run Behavior\BuildLiteBehavior [ RunTime:0.000016s ]
INFO: [ app_init ] --END-- [ RunTime:0.000349s ]
ERR: 无法加载控制器:Public

[ 2016-12-13T03:57:28+08:00 ] 127.0.0.1 /taa/index.php/Home/Public/js/slide/easySlider.js
INFO: [ app_init ] --START--
INFO: Run Behavior\BuildLiteBehavior [ RunTime:0.000026s ]
INFO: [ app_init ] --END-- [ RunTime:0.000575s ]
ERR: 无法加载控制器:Public

[ 2016-12-13T03:57:28+08:00 ] 127.0.0.1 /taa/index.php/Home/__Public__/img/1.jpg
INFO: [ app_init ] --START--
INFO: Run Behavior\BuildLiteBehavior [ RunTime:0.000008s ]
INFO: [ app_init ] --END-- [ RunTime:0.000252s ]

[ 2016-12-13T03:57:28+08:00 ] 127.0.0.1 /taa/index.php/Home/__Public__/img/2.jpg
INFO: [ app_init ] --START--
INFO: Run Behavior\BuildLiteBehavior [ RunTime:0.000007s ]
INFO: [ app_init ] --END-- [ RunTime:0.000171s ]

[ 2016-12-13T03:57:28+08:00 ] 127.0.0.1 /taa/index.php/Home/Public/img/3.jpg
INFO: [ app_init ] --START--
INFO: Run Behavior\BuildLiteBehavior [ RunTime:0.000015s ]
INFO: [ app_init ] --END-- [ RunTime:0.000360s ]

[ 2016-12-13T03:57:28+08:00 ] 127.0.0.1 /taa/index.php/Home/Public/img/4.jpg
INFO: [ app_init ] --START--
INFO: Run Behavior\BuildLiteBehavior [ RunTime:0.000010s ]
INFO: [ app_init ] --END-- [ RunTime:0.000183s ]

[ 2016-12-13T03:57:28+08:00 ] 127.0.0.1 /taa/index.php/Home/Public/img/prev.png
INFO: [ app_init ] --START--
INFO: Run Behavior\BuildLiteBehavior [ RunTime:0.000010s ]
INFO: [ app_init ] --END-- [ RunTime:0.000190s ]

[ 2016-12-13T03:57:28+08:00 ] 127.0.0.1 /taa/index.php/Home/Public/img/next.png
INFO: [ app_init ] --START--
INFO: Run Behavior\BuildLiteBehavior [ RunTime:0.000014s ]
INFO: [ app_init ] --END-- [ RunTime:0.000367s ]

[ 2016-12-13T03:57:28+08:00 ] 127.0.0.1 /taa/index.php/Home/Public/js/jquery-2.1.1.min.js
INFO: [ app_init ] --START--
INFO: Run Behavior\BuildLiteBehavior [ RunTime:0.000014s ]
INFO: [ app_init ] --END-- [ RunTime:0.000379s ]
ERR: 无法加载控制器:Public

[ 2016-12-13T03:57:28+08:00 ] 127.0.0.1 /taa/index.php/Home/Public/js/slide/easySlider.js
INFO: [ app_init ] --START--
INFO: Run Behavior\BuildLiteBehavior [ RunTime:0.000011s ]
INFO: [ app_init ] --END-- [ RunTime:0.000292s ]
ERR: 无法加载控制器:Public

[ 2016-12-13T03:57:42+08:00 ] 127.0.0.1 /taa/index.php
INFO: [ app_init ] --START--
INFO: Run Behavior\BuildLiteBehavior [ RunTime:0.000018s ]
INFO: [ app_init ] --END-- [ RunTime:0.000284s ]

[ 2016-12-13T03:58:11+08:00 ] 127.0.0.1 /taa/index.php/Home/index
INFO: [ app_init ] --START--
INFO: Run Behavior\BuildLiteBehavior [ RunTime:0.000012s ]
INFO: [ app_init ] --END-- [ RunTime:0.000196s ]

[ 2016-12-13T03:58:11+08:00 ] 127.0.0.1 /taa/index.php/Home/Public/css/slide/style.css
INFO: [ app_init ] --START--
INFO: Run Behavior\BuildLiteBehavior [ RunTime:0.000018s ]
INFO: [ app_init ] --END-- [ RunTime:0.000361s ]
ERR: 无法加载控制器:Public

[ 2016-12-13T03:58:11+08:00 ] 127.0.0.1 /taa/index.php/Home/Public/css/slide/reset.css
INFO: [ app_init ] --START--
INFO: Run Behavior\BuildLiteBehavior [ RunTime:0.000015s ]
INFO: [ app_init ] --END-- [ RunTime:0.000303s ]
ERR: 无法加载控制器:Public

[ 2016-12-13T03:58:11+08:00 ] 127.0.0.1 /taa/index.php/Home/Public/js/jquery-2.1.1.min.js
INFO: [ app_init ] --START--
INFO: Run Behavior\BuildLiteBehavior [ RunTime:0.000017s ]
INFO: [ app_init ] --END-- [ RunTime:0.006887s ]
ERR: 无法加载控制器:Public

[ 2016-12-13T03:58:11+08:00 ] 127.0.0.1 /taa/index.php/Home/Public/js/slide/easySlider.js
INFO: [ app_init ] --START--
INFO: Run Behavior\BuildLiteBehavior [ RunTime:0.000010s ]
INFO: [ app_init ] --END-- [ RunTime:0.000204s ]
ERR: 无法加载控制器:Public

[ 2016-12-13T03:58:11+08:00 ] 127.0.0.1 /taa/index.php/Home/Public/img/1.jpg
INFO: [ app_init ] --START--
INFO: Run Behavior\BuildLiteBehavior [ RunTime:0.000014s ]
INFO: [ app_init ] --END-- [ RunTime:0.000287s ]

[ 2016-12-13T03:58:11+08:00 ] 127.0.0.1 /taa/index.php/Home/Public/img/2.jpg
INFO: [ app_init ] --START--
INFO: Run Behavior\BuildLiteBehavior [ RunTime:0.000013s ]
INFO: [ app_init ] --END-- [ RunTime:0.000314s ]

[ 2016-12-13T03:58:11+08:00 ] 127.0.0.1 /taa/index.php/Home/Public/img/3.jpg
INFO: [ app_init ] --START--
INFO: Run Behavior\BuildLiteBehavior [ RunTime:0.000012s ]
INFO: [ app_init ] --END-- [ RunTime:0.000291s ]

[ 2016-12-13T03:58:11+08:00 ] 127.0.0.1 /taa/index.php/Home/Public/img/4.jpg
INFO: [ app_init ] --START--
INFO: Run Behavior\BuildLiteBehavior [ RunTime:0.000019s ]
INFO: [ app_init ] --END-- [ RunTime:0.000360s ]

[ 2016-12-13T03:58:11+08:00 ] 127.0.0.1 /taa/index.php/Home/Public/img/prev.png
INFO: [ app_init ] --START--
INFO: Run Behavior\BuildLiteBehavior [ RunTime:0.000012s ]
INFO: [ app_init ] --END-- [ RunTime:0.000278s ]

[ 2016-12-13T03:58:11+08:00 ] 127.0.0.1 /taa/index.php/Home/Public/img/next.png
INFO: [ app_init ] --START--
INFO: Run Behavior\BuildLiteBehavior [ RunTime:0.000009s ]
INFO: [ app_init ] --END-- [ RunTime:0.000188s ]

[ 2016-12-13T03:58:11+08:00 ] 127.0.0.1 /taa/index.php/Home/Public/js/jquery-2.1.1.min.js
INFO: [ app_init ] --START--
INFO: Run Behavior\BuildLiteBehavior [ RunTime:0.000010s ]
INFO: [ app_init ] --END-- [ RunTime:0.000196s ]
ERR: 无法加载控制器:Public

[ 2016-12-13T03:58:11+08:00 ] 127.0.0.1 /taa/index.php/Home/Public/js/slide/easySlider.js
INFO: [ app_init ] --START--
INFO: Run Behavior\BuildLiteBehavior [ RunTime:0.000009s ]
INFO: [ app_init ] --END-- [ RunTime:0.000195s ]
ERR: 无法加载控制器:Public

[ 2016-12-13T04:00:56+08:00 ] 127.0.0.1 /taa/index.php/Home/index
INFO: [ app_init ] --START--
INFO: Run Behavior\BuildLiteBehavior [ RunTime:0.000010s ]
INFO: [ app_init ] --END-- [ RunTime:0.000267s ]

[ 2016-12-13T04:00:56+08:00 ] 127.0.0.1 /taa/index.php/Home/Public/css/slide/reset.css
INFO: [ app_init ] --START--
INFO: Run Behavior\BuildLiteBehavior [ RunTime:0.000013s ]
INFO: [ app_init ] --END-- [ RunTime:0.000317s ]
ERR: 无法加载控制器:Public

[ 2016-12-13T04:00:56+08:00 ] 127.0.0.1 /taa/index.php/Home/Public/css/slide/style.css
INFO: [ app_init ] --START--
INFO: Run Behavior\BuildLiteBehavior [ RunTime:0.000017s ]
INFO: [ app_init ] --END-- [ RunTime:0.008216s ]
ERR: 无法加载控制器:Public

[ 2016-12-13T04:00:56+08:00 ] 127.0.0.1 /taa/index.php/Home/Public/js/jquery-2.1.1.min.js
INFO: [ app_init ] --START--
INFO: Run Behavior\BuildLiteBehavior [ RunTime:0.000018s ]
INFO: [ app_init ] --END-- [ RunTime:0.000364s ]
ERR: 无法加载控制器:Public

[ 2016-12-13T04:00:56+08:00 ] 127.0.0.1 /taa/index.php/Home/Public/js/slide/easySlider.js
INFO: [ app_init ] --START--
INFO: Run Behavior\BuildLiteBehavior [ RunTime:0.000009s ]
INFO: [ app_init ] --END-- [ RunTime:0.000178s ]
ERR: 无法加载控制器:Public

[ 2016-12-13T04:00:56+08:00 ] 127.0.0.1 /taa/index.php/Home/Public/img/2.jpg
INFO: [ app_init ] --START--
INFO: Run Behavior\BuildLiteBehavior [ RunTime:0.000008s ]
INFO: [ app_init ] --END-- [ RunTime:0.000178s ]

[ 2016-12-13T04:00:56+08:00 ] 127.0.0.1 /taa/index.php/Home/Public/img/3.jpg
INFO: [ app_init ] --START--
INFO: Run Behavior\BuildLiteBehavior [ RunTime:0.000009s ]
INFO: [ app_init ] --END-- [ RunTime:0.000187s ]

[ 2016-12-13T04:00:56+08:00 ] 127.0.0.1 /taa/index.php/Home/Public/img/4.jpg
INFO: [ app_init ] --START--
INFO: Run Behavior\BuildLiteBehavior [ RunTime:0.000009s ]
INFO: [ app_init ] --END-- [ RunTime:0.000187s ]

[ 2016-12-13T04:00:56+08:00 ] 127.0.0.1 /taa/index.php/Home/Public/img/prev.png
INFO: [ app_init ] --START--
INFO: Run Behavior\BuildLiteBehavior [ RunTime:0.000010s ]
INFO: [ app_init ] --END-- [ RunTime:0.000207s ]

[ 2016-12-13T04:00:56+08:00 ] 127.0.0.1 /taa/index.php/Home/Public/img/next.png
INFO: [ app_init ] --START--
INFO: Run Behavior\BuildLiteBehavior [ RunTime:0.000017s ]
INFO: [ app_init ] --END-- [ RunTime:0.000343s ]

[ 2016-12-13T04:00:56+08:00 ] 127.0.0.1 /taa/index.php/Home/Public/js/jquery-2.1.1.min.js
INFO: [ app_init ] --START--
INFO: Run Behavior\BuildLiteBehavior [ RunTime:0.000009s ]
INFO: [ app_init ] --END-- [ RunTime:0.000181s ]
ERR: 无法加载控制器:Public

[ 2016-12-13T04:00:56+08:00 ] 127.0.0.1 /taa/index.php/Home/Public/js/slide/easySlider.js
INFO: [ app_init ] --START--
INFO: Run Behavior\BuildLiteBehavior [ RunTime:0.000014s ]
INFO: [ app_init ] --END-- [ RunTime:0.000322s ]
ERR: 无法加载控制器:Public

[ 2016-12-13T04:02:02+08:00 ] 127.0.0.1 /taa/index.php/Home/index
INFO: [ app_init ] --START--
INFO: Run Behavior\BuildLiteBehavior [ RunTime:0.000015s ]
INFO: [ app_init ] --END-- [ RunTime:0.000316s ]

[ 2016-12-13T04:02:02+08:00 ] 127.0.0.1 /taa/index.php/Home/Public/css/slide/reset.css
INFO: [ app_init ] --START--
INFO: Run Behavior\BuildLiteBehavior [ RunTime:0.000016s ]
INFO: [ app_init ] --END-- [ RunTime:0.009974s ]
ERR: 无法加载控制器:Public

[ 2016-12-13T04:02:02+08:00 ] 127.0.0.1 /taa/index.php/Home/Public/css/slide/style.css
INFO: [ app_init ] --START--
INFO: Run Behavior\BuildLiteBehavior [ RunTime:0.000015s ]
INFO: [ app_init ] --END-- [ RunTime:0.008773s ]
ERR: 无法加载控制器:Public

[ 2016-12-13T04:02:02+08:00 ] 127.0.0.1 /taa/index.php/Home/Public/js/jquery-2.1.1.min.js
INFO: [ app_init ] --START--
INFO: Run Behavior\BuildLiteBehavior [ RunTime:0.000018s ]
INFO: [ app_init ] --END-- [ RunTime:0.000443s ]
ERR: 无法加载控制器:Public

[ 2016-12-13T04:02:02+08:00 ] 127.0.0.1 /taa/index.php/Home/Public/js/slide/easySlider.js
INFO: [ app_init ] --START--
INFO: Run Behavior\BuildLiteBehavior [ RunTime:0.000014s ]
INFO: [ app_init ] --END-- [ RunTime:0.000317s ]
ERR: 无法加载控制器:Public

[ 2016-12-13T04:02:02+08:00 ] 127.0.0.1 /taa/index.php/Home/Public/img/2.jpg
INFO: [ app_init ] --START--
INFO: Run Behavior\BuildLiteBehavior [ RunTime:0.000012s ]
INFO: [ app_init ] --END-- [ RunTime:0.000202s ]

[ 2016-12-13T04:02:03+08:00 ] 127.0.0.1 /taa/index.php/Home/Public/img/3.jpg
INFO: [ app_init ] --START--
INFO: Run Behavior\BuildLiteBehavior [ RunTime:0.000014s ]
INFO: [ app_init ] --END-- [ RunTime:0.000341s ]

[ 2016-12-13T04:02:03+08:00 ] 127.0.0.1 /taa/index.php/Home/Public/img/4.jpg
INFO: [ app_init ] --START--
INFO: Run Behavior\BuildLiteBehavior [ RunTime:0.000008s ]
INFO: [ app_init ] --END-- [ RunTime:0.000184s ]

[ 2016-12-13T04:02:03+08:00 ] 127.0.0.1 /taa/index.php/Home/Public/img/prev.png
INFO: [ app_init ] --START--
INFO: Run Behavior\BuildLiteBehavior [ RunTime:0.000011s ]
INFO: [ app_init ] --END-- [ RunTime:0.000196s ]

[ 2016-12-13T04:02:03+08:00 ] 127.0.0.1 /taa/index.php/Home/Public/img/next.png
INFO: [ app_init ] --START--
INFO: Run Behavior\BuildLiteBehavior [ RunTime:0.000014s ]
INFO: [ app_init ] --END-- [ RunTime:0.000326s ]

[ 2016-12-13T04:02:03+08:00 ] 127.0.0.1 /taa/index.php/Home/Public/js/jquery-2.1.1.min.js
INFO: [ app_init ] --START--
INFO: Run Behavior\BuildLiteBehavior [ RunTime:0.000010s ]
INFO: [ app_init ] --END-- [ RunTime:0.000202s ]
ERR: 无法加载控制器:Public

[ 2016-12-13T04:02:03+08:00 ] 127.0.0.1 /taa/index.php/Home/Public/js/slide/easySlider.js
INFO: [ app_init ] --START--
INFO: Run Behavior\BuildLiteBehavior [ RunTime:0.000010s ]
INFO: [ app_init ] --END-- [ RunTime:0.000204s ]
ERR: 无法加载控制器:Public

[ 2016-12-13T04:03:20+08:00 ] 127.0.0.1 /taa/index.php/Home/index
INFO: [ app_init ] --START--
INFO: Run Behavior\BuildLiteBehavior [ RunTime:0.000008s ]
INFO: [ app_init ] --END-- [ RunTime:0.000175s ]

[ 2016-12-13T04:03:23+08:00 ] 127.0.0.1 /taa/index.php/Home/index.php
INFO: [ app_init ] --START--
INFO: Run Behavior\BuildLiteBehavior [ RunTime:0.000015s ]
INFO: [ app_init ] --END-- [ RunTime:0.000305s ]
ERR: 无法加载控制器:Index.php

[ 2016-12-13T04:03:32+08:00 ] 127.0.0.1 /taa/
INFO: [ app_init ] --START--
INFO: Run Behavior\BuildLiteBehavior [ RunTime:0.000008s ]
INFO: [ app_init ] --END-- [ RunTime:0.000184s ]

[ 2016-12-13T04:04:59+08:00 ] 127.0.0.1 /taa/
INFO: [ app_init ] --START--
INFO: Run Behavior\BuildLiteBehavior [ RunTime:0.000014s ]
INFO: [ app_init ] --END-- [ RunTime:0.000263s ]

[ 2016-12-13T04:05:01+08:00 ] 127.0.0.1 /taa/
INFO: [ app_init ] --START--
INFO: Run Behavior\BuildLiteBehavior [ RunTime:0.000008s ]
INFO: [ app_init ] --END-- [ RunTime:0.000173s ]

[ 2016-12-13T04:05:23+08:00 ] 127.0.0.1 /taa/
INFO: [ app_init ] --START--
INFO: Run Behavior\BuildLiteBehavior [ RunTime:0.000008s ]
INFO: [ app_init ] --END-- [ RunTime:0.000182s ]

[ 2016-12-13T04:05:54+08:00 ] 127.0.0.1 /taa/
INFO: [ app_init ] --START--
INFO: Run Behavior\BuildLiteBehavior [ RunTime:0.000009s ]
INFO: [ app_init ] --END-- [ RunTime:0.000200s ]

[ 2016-12-13T04:06:47+08:00 ] 127.0.0.1 /taa/
INFO: [ app_init ] --START--
INFO: Run Behavior\BuildLiteBehavior [ RunTime:0.000008s ]
INFO: [ app_init ] --END-- [ RunTime:0.000177s ]

[ 2016-12-13T04:06:49+08:00 ] 127.0.0.1 /taa/index.php/Home/Sign/signin
INFO: [ app_init ] --START--
INFO: Run Behavior\BuildLiteBehavior [ RunTime:0.000008s ]
INFO: [ app_init ] --END-- [ RunTime:0.000176s ]

[ 2016-12-13T04:07:17+08:00 ] 127.0.0.1 /taa/index.php/Home/Sign/dosignin
INFO: [ app_init ] --START--
INFO: Run Behavior\BuildLiteBehavior [ RunTime:0.000012s ]
INFO: [ app_init ] --END-- [ RunTime:0.000282s ]

[ 2016-12-13T04:07:18+08:00 ] 127.0.0.1 /taa/index.php/Home/User/index
INFO: [ app_init ] --START--
INFO: Run Behavior\BuildLiteBehavior [ RunTime:0.000008s ]
INFO: [ app_init ] --END-- [ RunTime:0.000173s ]

[ 2016-12-13T04:07:21+08:00 ] 127.0.0.1 /taa/index.php/Home/Sign/index
INFO: [ app_init ] --START--
INFO: Run Behavior\BuildLiteBehavior [ RunTime:0.000007s ]
INFO: [ app_init ] --END-- [ RunTime:0.000187s ]

[ 2016-12-13T04:07:48+08:00 ] 127.0.0.1 /taa/index.php/Home/Sign/signin
INFO: [ app_init ] --START--
INFO: Run Behavior\BuildLiteBehavior [ RunTime:0.000008s ]
INFO: [ app_init ] --END-- [ RunTime:0.000170s ]

[ 2016-12-13T04:07:52+08:00 ] 127.0.0.1 /taa/index.php/Home/Sign/dosignin
INFO: [ app_init ] --START--
INFO: Run Behavior\BuildLiteBehavior [ RunTime:0.000010s ]
INFO: [ app_init ] --END-- [ RunTime:0.000199s ]

[ 2016-12-13T04:07:53+08:00 ] 127.0.0.1 /taa/index.php/Home/User/index
INFO: [ app_init ] --START--
INFO: Run Behavior\BuildLiteBehavior [ RunTime:0.000016s ]
INFO: [ app_init ] --END-- [ RunTime:0.000261s ]

[ 2016-12-13T04:16:21+08:00 ] 127.0.0.1 /taa/index.php/Home/User/index
INFO: [ app_init ] --START--
INFO: Run Behavior\BuildLiteBehavior [ RunTime:0.000010s ]
INFO: [ app_init ] --END-- [ RunTime:0.000398s ]

[ 2016-12-13T04:16:45+08:00 ] 127.0.0.1 /taa/index.php/Home/User/index
INFO: [ app_init ] --START--
INFO: Run Behavior\BuildLiteBehavior [ RunTime:0.000008s ]
INFO: [ app_init ] --END-- [ RunTime:0.000181s ]

[ 2016-12-13T04:16:47+08:00 ] 127.0.0.1 /taa/index.php/Home/User/index
INFO: [ app_init ] --START--
INFO: Run Behavior\BuildLiteBehavior [ RunTime:0.000009s ]
INFO: [ app_init ] --END-- [ RunTime:0.000404s ]

[ 2016-12-13T04:17:21+08:00 ] 127.0.0.1 /taa/index.php/Home/User/index
INFO: [ app_init ] --START--
INFO: Run Behavior\BuildLiteBehavior [ RunTime:0.000010s ]
INFO: [ app_init ] --END-- [ RunTime:0.000202s ]

[ 2016-12-13T04:18:06+08:00 ] 127.0.0.1 /taa/index.php/Home/User/index
INFO: [ app_init ] --START--
INFO: Run Behavior\BuildLiteBehavior [ RunTime:0.000012s ]
INFO: [ app_init ] --END-- [ RunTime:0.000251s ]

[ 2016-12-13T04:18:40+08:00 ] 127.0.0.1 /taa/index.php/Home/User/index
INFO: [ app_init ] --START--
INFO: Run Behavior\BuildLiteBehavior [ RunTime:0.000009s ]
INFO: [ app_init ] --END-- [ RunTime:0.000205s ]

[ 2016-12-13T04:19:04+08:00 ] 127.0.0.1 /taa/index.php/Home/User/index
INFO: [ app_init ] --START--
INFO: Run Behavior\BuildLiteBehavior [ RunTime:0.000035s ]
INFO: [ app_init ] --END-- [ RunTime:0.000330s ]

[ 2016-12-13T04:19:20+08:00 ] 127.0.0.1 /taa/index.php/Home/User/index
INFO: [ app_init ] --START--
INFO: Run Behavior\BuildLiteBehavior [ RunTime:0.000009s ]
INFO: [ app_init ] --END-- [ RunTime:0.000200s ]

[ 2016-12-13T04:33:18+08:00 ] 127.0.0.1 /taa/index.php/Home/Sign/signin
INFO: [ app_init ] --START--
INFO: Run Behavior\BuildLiteBehavior [ RunTime:0.000008s ]
INFO: [ app_init ] --END-- [ RunTime:0.000175s ]

[ 2016-12-13T04:33:20+08:00 ] 127.0.0.1 /taa/index.php/Home/Sign/signin
INFO: [ app_init ] --START--
INFO: Run Behavior\BuildLiteBehavior [ RunTime:0.000007s ]
INFO: [ app_init ] --END-- [ RunTime:0.000172s ]

[ 2016-12-13T04:33:21+08:00 ] 127.0.0.1 /taa/index.php/Home/Sign/signin
INFO: [ app_init ] --START--
INFO: Run Behavior\BuildLiteBehavior [ RunTime:0.000007s ]
INFO: [ app_init ] --END-- [ RunTime:0.000177s ]

[ 2016-12-13T04:33:29+08:00 ] 127.0.0.1 /taa/index.php/Home/Sign/signin
INFO: [ app_init ] --START--
INFO: Run Behavior\BuildLiteBehavior [ RunTime:0.000008s ]
INFO: [ app_init ] --END-- [ RunTime:0.000173s ]

[ 2016-12-13T04:33:36+08:00 ] 127.0.0.1 /taa/index.php/Home/Sign/signin
INFO: [ app_init ] --START--
INFO: Run Behavior\BuildLiteBehavior [ RunTime:0.000008s ]
INFO: [ app_init ] --END-- [ RunTime:0.000180s ]

[ 2016-12-13T04:33:36+08:00 ] 127.0.0.1 /taa/index.php/Home/Sign/signin
INFO: [ app_init ] --START--
INFO: Run Behavior\BuildLiteBehavior [ RunTime:0.000008s ]
INFO: [ app_init ] --END-- [ RunTime:0.000179s ]

[ 2016-12-13T04:33:54+08:00 ] 127.0.0.1 /taa/index.php/Home/Sign/signin
INFO: [ app_init ] --START--
INFO: Run Behavior\BuildLiteBehavior [ RunTime:0.000009s ]
INFO: [ app_init ] --END-- [ RunTime:0.000175s ]

[ 2016-12-13T04:33:55+08:00 ] 127.0.0.1 /taa/index.php/Home/Sign/signup
INFO: [ app_init ] --START--
INFO: Run Behavior\BuildLiteBehavior [ RunTime:0.000008s ]
INFO: [ app_init ] --END-- [ RunTime:0.000233s ]

[ 2016-12-13T04:34:56+08:00 ] 127.0.0.1 /taa/index.php/Home/Sign/signup
INFO: [ app_init ] --START--
INFO: Run Behavior\BuildLiteBehavior [ RunTime:0.000010s ]
INFO: [ app_init ] --END-- [ RunTime:0.000374s ]

[ 2016-12-13T04:35:10+08:00 ] 127.0.0.1 /taa/index.php/Home/Sign/signup
INFO: [ app_init ] --START--
INFO: Run Behavior\BuildLiteBehavior [ RunTime:0.000007s ]
INFO: [ app_init ] --END-- [ RunTime:0.000171s ]

[ 2016-12-13T04:35:31+08:00 ] 127.0.0.1 /taa/index.php/Home/Sign/register.php
INFO: [ app_init ] --START--
INFO: Run Behavior\BuildLiteBehavior [ RunTime:0.000013s ]
INFO: [ app_init ] --END-- [ RunTime:0.000244s ]
ERR: 非法操作:register.php

[ 2016-12-13T04:35:59+08:00 ] 127.0.0.1 /taa/index.php/Home/Sign/signup
INFO: [ app_init ] --START--
INFO: Run Behavior\BuildLiteBehavior [ RunTime:0.000010s ]
INFO: [ app_init ] --END-- [ RunTime:0.000180s ]

[ 2016-12-13T04:36:09+08:00 ] 127.0.0.1 /taa/index.php/Home/Sign/dosignup
INFO: [ app_init ] --START--
INFO: Run Behavior\BuildLiteBehavior [ RunTime:0.000009s ]
INFO: [ app_init ] --END-- [ RunTime:0.000280s ]

[ 2016-12-13T04:36:27+08:00 ] 127.0.0.1 /taa/index.php/Home/Sign/dosignup
INFO: [ app_init ] --START--
INFO: Run Behavior\BuildLiteBehavior [ RunTime:0.000007s ]
INFO: [ app_init ] --END-- [ RunTime:0.000165s ]

[ 2016-12-13T04:36:42+08:00 ] 127.0.0.1 /taa/index.php/Home/Sign/dosignup
INFO: [ app_init ] --START--
INFO: Run Behavior\BuildLiteBehavior [ RunTime:0.000008s ]
INFO: [ app_init ] --END-- [ RunTime:0.000204s ]

[ 2016-12-13T04:37:31+08:00 ] 127.0.0.1 /taa/index.php/Home/Sign/dosignup
INFO: [ app_init ] --START--
INFO: Run Behavior\BuildLiteBehavior [ RunTime:0.000008s ]
INFO: [ app_init ] --END-- [ RunTime:0.000185s ]

[ 2016-12-13T04:38:10+08:00 ] 127.0.0.1 /taa/index.php/Home/Sign/dosignup
INFO: [ app_init ] --START--
INFO: Run Behavior\BuildLiteBehavior [ RunTime:0.000008s ]
INFO: [ app_init ] --END-- [ RunTime:0.000179s ]

[ 2016-12-13T04:38:59+08:00 ] 127.0.0.1 /taa/index.php/Home/Sign/dosignup
INFO: [ app_init ] --START--
INFO: Run Behavior\BuildLiteBehavior [ RunTime:0.000008s ]
INFO: [ app_init ] --END-- [ RunTime:0.000184s ]

[ 2016-12-13T04:39:52+08:00 ] 127.0.0.1 /taa/index.php/Home/Sign/dosignup
INFO: [ app_init ] --START--
INFO: Run Behavior\BuildLiteBehavior [ RunTime:0.000012s ]
INFO: [ app_init ] --END-- [ RunTime:0.000412s ]

[ 2016-12-13T04:40:28+08:00 ] 127.0.0.1 /taa/index.php/Home/Sign/dosignup
INFO: [ app_init ] --START--
INFO: Run Behavior\BuildLiteBehavior [ RunTime:0.000007s ]
INFO: [ app_init ] --END-- [ RunTime:0.000172s ]
ERR: 1036:Table 'user' is read only
 [ SQL语句 ] : INSERT INTO `user` (`user_name`,`email`,`password`) VALUES ('liuqi5','123@123.com','123456')

[ 2016-12-13T04:44:05+08:00 ] 127.0.0.1 /taa/index.php/Home/Sign/dosignup
INFO: [ app_init ] --START--
INFO: Run Behavior\BuildLiteBehavior [ RunTime:0.000023s ]
INFO: [ app_init ] --END-- [ RunTime:0.000354s ]

[ 2016-12-13T04:44:34+08:00 ] 127.0.0.1 /taa/index.php/Home/Sign/dosignup
INFO: [ app_init ] --START--
INFO: Run Behavior\BuildLiteBehavior [ RunTime:0.000013s ]
INFO: [ app_init ] --END-- [ RunTime:0.000224s ]

[ 2016-12-13T04:44:36+08:00 ] 127.0.0.1 /taa/index.php/Home/User/index
INFO: [ app_init ] --START--
INFO: Run Behavior\BuildLiteBehavior [ RunTime:0.000007s ]
INFO: [ app_init ] --END-- [ RunTime:0.000170s ]

[ 2016-12-13T04:44:39+08:00 ] 127.0.0.1 /taa/index.php/Home/Sign/index
INFO: [ app_init ] --START--
INFO: Run Behavior\BuildLiteBehavior [ RunTime:0.000011s ]
INFO: [ app_init ] --END-- [ RunTime:0.000327s ]

[ 2016-12-13T04:45:09+08:00 ] 127.0.0.1 /taa/index.php/Home/Sign/signup
INFO: [ app_init ] --START--
INFO: Run Behavior\BuildLiteBehavior [ RunTime:0.000009s ]
INFO: [ app_init ] --END-- [ RunTime:0.000200s ]

[ 2016-12-13T04:45:18+08:00 ] 127.0.0.1 /taa/index.php/Home/Sign/dosignup
INFO: [ app_init ] --START--
INFO: Run Behavior\BuildLiteBehavior [ RunTime:0.000008s ]
INFO: [ app_init ] --END-- [ RunTime:0.000192s ]

[ 2016-12-13T04:45:28+08:00 ] 127.0.0.1 /taa/index.php/Home/Sign/dosignup
INFO: [ app_init ] --START--
INFO: Run Behavior\BuildLiteBehavior [ RunTime:0.000018s ]
INFO: [ app_init ] --END-- [ RunTime:0.000335s ]

[ 2016-12-13T04:45:36+08:00 ] 127.0.0.1 /taa/index.php/Home/Sign/dosignup
INFO: [ app_init ] --START--
INFO: Run Behavior\BuildLiteBehavior [ RunTime:0.000007s ]
INFO: [ app_init ] --END-- [ RunTime:0.000168s ]

[ 2016-12-13T04:45:59+08:00 ] 127.0.0.1 /taa/index.php/Home/Sign/dosignup
INFO: [ app_init ] --START--
INFO: Run Behavior\BuildLiteBehavior [ RunTime:0.000007s ]
INFO: [ app_init ] --END-- [ RunTime:0.000173s ]

[ 2016-12-13T04:46:13+08:00 ] 127.0.0.1 /taa/index.php/Home/Sign/dosignup
INFO: [ app_init ] --START--
INFO: Run Behavior\BuildLiteBehavior [ RunTime:0.000023s ]
INFO: [ app_init ] --END-- [ RunTime:0.000304s ]

[ 2016-12-13T04:46:30+08:00 ] 127.0.0.1 /taa/index.php/Home/Sign/dosignup
INFO: [ app_init ] --START--
INFO: Run Behavior\BuildLiteBehavior [ RunTime:0.000016s ]
INFO: [ app_init ] --END-- [ RunTime:0.000561s ]

[ 2016-12-13T04:47:33+08:00 ] 127.0.0.1 /taa/index.php/Home/Sign/dosignup
INFO: [ app_init ] --START--
INFO: Run Behavior\BuildLiteBehavior [ RunTime:0.000012s ]
INFO: [ app_init ] --END-- [ RunTime:0.000210s ]

[ 2016-12-13T04:47:45+08:00 ] 127.0.0.1 /taa/index.php/Home/Sign/dosignup
INFO: [ app_init ] --START--
INFO: Run Behavior\BuildLiteBehavior [ RunTime:0.000019s ]
INFO: [ app_init ] --END-- [ RunTime:0.000291s ]

[ 2016-12-13T04:47:46+08:00 ] 127.0.0.1 /taa/index.php/Home/User/index
INFO: [ app_init ] --START--
INFO: Run Behavior\BuildLiteBehavior [ RunTime:0.000007s ]
INFO: [ app_init ] --END-- [ RunTime:0.000167s ]

[ 2016-12-13T04:51:11+08:00 ] 127.0.0.1 /taa/index.php/Home/User/index
INFO: [ app_init ] --START--
INFO: Run Behavior\BuildLiteBehavior [ RunTime:0.000020s ]
INFO: [ app_init ] --END-- [ RunTime:0.000450s ]

[ 2016-12-13T04:51:14+08:00 ] 127.0.0.1 /taa/index.php/Home/Sign/signup
INFO: [ app_init ] --START--
INFO: Run Behavior\BuildLiteBehavior [ RunTime:0.000024s ]
INFO: [ app_init ] --END-- [ RunTime:0.000249s ]

[ 2016-12-13T04:51:35+08:00 ] 127.0.0.1 /taa/index.php/Home/Sign/dosignup
INFO: [ app_init ] --START--
INFO: Run Behavior\BuildLiteBehavior [ RunTime:0.000035s ]
INFO: [ app_init ] --END-- [ RunTime:0.000328s ]

[ 2016-12-13T04:51:44+08:00 ] 127.0.0.1 /taa/index.php/Home/Sign/dosignup
INFO: [ app_init ] --START--
INFO: Run Behavior\BuildLiteBehavior [ RunTime:0.000008s ]
INFO: [ app_init ] --END-- [ RunTime:0.000168s ]

[ 2016-12-13T04:51:45+08:00 ] 127.0.0.1 /taa/index.php/Home/User/index
INFO: [ app_init ] --START--
INFO: Run Behavior\BuildLiteBehavior [ RunTime:0.000008s ]
INFO: [ app_init ] --END-- [ RunTime:0.000176s ]

[ 2016-12-13T04:51:46+08:00 ] 127.0.0.1 /taa/index.php/Home/Sign/index
INFO: [ app_init ] --START--
INFO: Run Behavior\BuildLiteBehavior [ RunTime:0.000009s ]
INFO: [ app_init ] --END-- [ RunTime:0.000213s ]

[ 2016-12-13T04:51:57+08:00 ] 127.0.0.1 /taa/index.php/Home/Sign/dosignin
INFO: [ app_init ] --START--
INFO: Run Behavior\BuildLiteBehavior [ RunTime:0.000007s ]
INFO: [ app_init ] --END-- [ RunTime:0.000171s ]

[ 2016-12-13T04:52:03+08:00 ] 127.0.0.1 /taa/index.php/Home/Sign/signup
INFO: [ app_init ] --START--
INFO: Run Behavior\BuildLiteBehavior [ RunTime:0.000011s ]
INFO: [ app_init ] --END-- [ RunTime:0.000291s ]

[ 2016-12-13T04:52:14+08:00 ] 127.0.0.1 /taa/index.php/Home/Sign/dosignup
INFO: [ app_init ] --START--
INFO: Run Behavior\BuildLiteBehavior [ RunTime:0.000016s ]
INFO: [ app_init ] --END-- [ RunTime:0.000177s ]

[ 2016-12-13T04:52:15+08:00 ] 127.0.0.1 /taa/index.php/Home/User/index
INFO: [ app_init ] --START--
INFO: Run Behavior\BuildLiteBehavior [ RunTime:0.000007s ]
INFO: [ app_init ] --END-- [ RunTime:0.000170s ]

[ 2016-12-13T04:52:18+08:00 ] 127.0.0.1 /taa/index.php/Home/Sign/index
INFO: [ app_init ] --START--
INFO: Run Behavior\BuildLiteBehavior [ RunTime:0.000007s ]
INFO: [ app_init ] --END-- [ RunTime:0.000171s ]

[ 2016-12-13T04:52:53+08:00 ] 127.0.0.1 /taa/index.php/Home/Sign/signup
INFO: [ app_init ] --START--
INFO: Run Behavior\BuildLiteBehavior [ RunTime:0.000008s ]
INFO: [ app_init ] --END-- [ RunTime:0.000172s ]

[ 2016-12-13T04:53:00+08:00 ] 127.0.0.1 /taa/index.php/Home/user
INFO: [ app_init ] --START--
INFO: Run Behavior\BuildLiteBehavior [ RunTime:0.000008s ]
INFO: [ app_init ] --END-- [ RunTime:0.000177s ]

[ 2016-12-13T04:53:15+08:00 ] 127.0.0.1 /taa/index.php/
INFO: [ app_init ] --START--
INFO: Run Behavior\BuildLiteBehavior [ RunTime:0.000009s ]
INFO: [ app_init ] --END-- [ RunTime:0.000191s ]

[ 2016-12-13T04:53:20+08:00 ] 127.0.0.1 /taa/index.php/Home/User
INFO: [ app_init ] --START--
INFO: Run Behavior\BuildLiteBehavior [ RunTime:0.000008s ]
INFO: [ app_init ] --END-- [ RunTime:0.000174s ]

[ 2016-12-13T04:54:14+08:00 ] 127.0.0.1 /taa/index.php/Home/User
INFO: [ app_init ] --START--
INFO: Run Behavior\BuildLiteBehavior [ RunTime:0.000023s ]
INFO: [ app_init ] --END-- [ RunTime:0.000829s ]

[ 2016-12-13T04:54:16+08:00 ] 127.0.0.1 /taa/index.php/Home/__MEDULE__/Sign/index
INFO: [ app_init ] --START--
INFO: Run Behavior\BuildLiteBehavior [ RunTime:0.000008s ]
INFO: [ app_init ] --END-- [ RunTime:0.000176s ]
ERR: 无法加载控制器:__MEDULE__

[ 2016-12-13T04:55:23+08:00 ] 127.0.0.1 /taa/index.php/Home/__MEDULE__/Sign/index
INFO: [ app_init ] --START--
INFO: Run Behavior\BuildLiteBehavior [ RunTime:0.000010s ]
INFO: [ app_init ] --END-- [ RunTime:0.000453s ]
ERR: 无法加载控制器:__MEDULE__

[ 2016-12-13T04:55:26+08:00 ] 127.0.0.1 /taa/index.php/Home/User
INFO: [ app_init ] --START--
INFO: Run Behavior\BuildLiteBehavior [ RunTime:0.000007s ]
INFO: [ app_init ] --END-- [ RunTime:0.000203s ]

[ 2016-12-13T04:55:29+08:00 ] 127.0.0.1 /taa/index.php/Home/__MODULE__/Sign/index
INFO: [ app_init ] --START--
INFO: Run Behavior\BuildLiteBehavior [ RunTime:0.000008s ]
INFO: [ app_init ] --END-- [ RunTime:0.000170s ]
ERR: 无法加载控制器:__MODULE__

[ 2016-12-13T04:55:50+08:00 ] 127.0.0.1 /taa/index.php/Home/__MODULE__/Sign/index
INFO: [ app_init ] --START--
INFO: Run Behavior\BuildLiteBehavior [ RunTime:0.000007s ]
INFO: [ app_init ] --END-- [ RunTime:0.000170s ]
ERR: 无法加载控制器:__MODULE__

[ 2016-12-13T04:55:54+08:00 ] 127.0.0.1 /taa/index.php/Home/User
INFO: [ app_init ] --START--
INFO: Run Behavior\BuildLiteBehavior [ RunTime:0.000010s ]
INFO: [ app_init ] --END-- [ RunTime:0.000244s ]

[ 2016-12-13T04:56:08+08:00 ] 127.0.0.1 /taa/index.php/Home/User
INFO: [ app_init ] --START--
INFO: Run Behavior\BuildLiteBehavior [ RunTime:0.000012s ]
INFO: [ app_init ] --END-- [ RunTime:0.000271s ]

[ 2016-12-13T04:56:10+08:00 ] 127.0.0.1 /taa/index.php/Home/Sign/index
INFO: [ app_init ] --START--
INFO: Run Behavior\BuildLiteBehavior [ RunTime:0.000011s ]
INFO: [ app_init ] --END-- [ RunTime:0.000263s ]

[ 2016-12-13T04:57:21+08:00 ] 127.0.0.1 /taa/index.php/Home/User
INFO: [ app_init ] --START--
INFO: Run Behavior\BuildLiteBehavior [ RunTime:0.000019s ]
INFO: [ app_init ] --END-- [ RunTime:0.000350s ]

[ 2016-12-13T04:57:35+08:00 ] 127.0.0.1 /taa/index.php/Home/User
INFO: [ app_init ] --START--
INFO: Run Behavior\BuildLiteBehavior [ RunTime:0.000008s ]
INFO: [ app_init ] --END-- [ RunTime:0.000179s ]

[ 2016-12-13T04:57:38+08:00 ] 127.0.0.1 /taa/index.php/Home/Sign/index
INFO: [ app_init ] --START--
INFO: Run Behavior\BuildLiteBehavior [ RunTime:0.000013s ]
INFO: [ app_init ] --END-- [ RunTime:0.000259s ]

[ 2016-12-13T04:58:24+08:00 ] 127.0.0.1 /taa/index.php/Home/Sign/signup
INFO: [ app_init ] --START--
INFO: Run Behavior\BuildLiteBehavior [ RunTime:0.000008s ]
INFO: [ app_init ] --END-- [ RunTime:0.000176s ]

[ 2016-12-13T04:58:35+08:00 ] 127.0.0.1 /taa/index.php/Home/Sign/signup
INFO: [ app_init ] --START--
INFO: Run Behavior\BuildLiteBehavior [ RunTime:0.000007s ]
INFO: [ app_init ] --END-- [ RunTime:0.000174s ]

[ 2016-12-13T04:59:21+08:00 ] 127.0.0.1 /taa/index.php/Home/Sign/dosignup
INFO: [ app_init ] --START--
INFO: Run Behavior\BuildLiteBehavior [ RunTime:0.000009s ]
INFO: [ app_init ] --END-- [ RunTime:0.000181s ]

[ 2016-12-13T05:00:07+08:00 ] 127.0.0.1 /taa/index.php/Home/Sign/dosignup
INFO: [ app_init ] --START--
INFO: Run Behavior\BuildLiteBehavior [ RunTime:0.000007s ]
INFO: [ app_init ] --END-- [ RunTime:0.000169s ]

[ 2016-12-13T05:00:08+08:00 ] 127.0.0.1 /taa/index.php/Home/User/index
INFO: [ app_init ] --START--
INFO: Run Behavior\BuildLiteBehavior [ RunTime:0.000011s ]
INFO: [ app_init ] --END-- [ RunTime:0.000189s ]

[ 2016-12-13T05:00:12+08:00 ] 127.0.0.1 /taa/index.php/Home/Sign/index
INFO: [ app_init ] --START--
INFO: Run Behavior\BuildLiteBehavior [ RunTime:0.000008s ]
INFO: [ app_init ] --END-- [ RunTime:0.000172s ]

[ 2016-12-13T05:00:41+08:00 ] 127.0.0.1 /taa/index.php/Home/User
INFO: [ app_init ] --START--
INFO: Run Behavior\BuildLiteBehavior [ RunTime:0.000008s ]
INFO: [ app_init ] --END-- [ RunTime:0.000171s ]

[ 2016-12-13T05:01:46+08:00 ] 127.0.0.1 /taa/index.php/Home/Sign/test
INFO: [ app_init ] --START--
INFO: Run Behavior\BuildLiteBehavior [ RunTime:0.000008s ]
INFO: [ app_init ] --END-- [ RunTime:0.000182s ]

[ 2016-12-13T05:02:03+08:00 ] 127.0.0.1 /taa/index.php/Home/Sign/
INFO: [ app_init ] --START--
INFO: Run Behavior\BuildLiteBehavior [ RunTime:0.000008s ]
INFO: [ app_init ] --END-- [ RunTime:0.000184s ]

[ 2016-12-13T05:02:05+08:00 ] 127.0.0.1 /taa/index.php/Home/Sign/signup
INFO: [ app_init ] --START--
INFO: Run Behavior\BuildLiteBehavior [ RunTime:0.000009s ]
INFO: [ app_init ] --END-- [ RunTime:0.000173s ]

[ 2016-12-13T05:02:27+08:00 ] 127.0.0.1 /taa/index.php/Home/Sign/dosignup
INFO: [ app_init ] --START--
INFO: Run Behavior\BuildLiteBehavior [ RunTime:0.000007s ]
INFO: [ app_init ] --END-- [ RunTime:0.000174s ]

[ 2016-12-13T05:02:28+08:00 ] 127.0.0.1 /taa/index.php/Home/User/index
INFO: [ app_init ] --START--
INFO: Run Behavior\BuildLiteBehavior [ RunTime:0.000010s ]
INFO: [ app_init ] --END-- [ RunTime:0.000318s ]

